{"C:\\Users\\lucle\\Desktop\\Projets\\Novapsy\\test\\backend-stripe\\server.js": {"path":"C:\\Users\\lucle\\Desktop\\Projets\\Novapsy\\test\\backend-stripe\\server.js","statementMap":{"0":{"start":{"line":1,"column":0},"end":{"line":1,"column":27}},"1":{"start":{"line":2,"column":16},"end":{"line":2,"column":34}},"2":{"start":{"line":5,"column":31},"end":{"line":5,"column":60}},"3":{"start":{"line":6,"column":26},"end":{"line":6,"column":51}},"4":{"start":{"line":9,"column":29},"end":{"line":9,"column":55}},"5":{"start":{"line":14,"column":4},"end":{"line":14,"column":34}},"6":{"start":{"line":17,"column":25},"end":{"line":17,"column":66}},"7":{"start":{"line":18,"column":27},"end":{"line":18,"column":49}},"8":{"start":{"line":19,"column":25},"end":{"line":19,"column":44}},"9":{"start":{"line":20,"column":26},"end":{"line":20,"column":46}},"10":{"start":{"line":21,"column":29},"end":{"line":21,"column":52}},"11":{"start":{"line":22,"column":26},"end":{"line":22,"column":47}},"12":{"start":{"line":23,"column":29},"end":{"line":23,"column":52}},"13":{"start":{"line":24,"column":24},"end":{"line":24,"column":42}},"14":{"start":{"line":26,"column":12},"end":{"line":26,"column":21}},"15":{"start":{"line":28,"column":29},"end":{"line":28,"column":56}},"16":{"start":{"line":31,"column":0},"end":{"line":31,"column":62}},"17":{"start":{"line":39,"column":0},"end":{"line":39,"column":24}},"18":{"start":{"line":42,"column":0},"end":{"line":42,"column":24}},"19":{"start":{"line":49,"column":0},"end":{"line":49,"column":31}},"20":{"start":{"line":52,"column":0},"end":{"line":52,"column":29}},"21":{"start":{"line":55,"column":0},"end":{"line":55,"column":27}},"22":{"start":{"line":58,"column":0},"end":{"line":58,"column":28}},"23":{"start":{"line":61,"column":0},"end":{"line":61,"column":31}},"24":{"start":{"line":64,"column":0},"end":{"line":64,"column":28}},"25":{"start":{"line":67,"column":0},"end":{"line":67,"column":31}},"26":{"start":{"line":70,"column":0},"end":{"line":70,"column":26}},"27":{"start":{"line":77,"column":0},"end":{"line":77,"column":22}},"28":{"start":{"line":80,"column":0},"end":{"line":80,"column":30}},"29":{"start":{"line":87,"column":2},"end":{"line":124,"column":3}},"30":{"start":{"line":88,"column":25},"end":{"line":88,"column":43}},"31":{"start":{"line":89,"column":24},"end":{"line":89,"column":79}},"32":{"start":{"line":89,"column":57},"end":{"line":89,"column":78}},"33":{"start":{"line":91,"column":4},"end":{"line":96,"column":5}},"34":{"start":{"line":92,"column":6},"end":{"line":94,"column":9}},"35":{"start":{"line":95,"column":6},"end":{"line":95,"column":22}},"36":{"start":{"line":99,"column":4},"end":{"line":120,"column":7}},"37":{"start":{"line":100,"column":6},"end":{"line":103,"column":8}},"38":{"start":{"line":104,"column":6},"end":{"line":104,"column":63}},"39":{"start":{"line":105,"column":6},"end":{"line":105,"column":61}},"40":{"start":{"line":106,"column":6},"end":{"line":109,"column":8}},"41":{"start":{"line":110,"column":6},"end":{"line":113,"column":8}},"42":{"start":{"line":114,"column":6},"end":{"line":114,"column":73}},"43":{"start":{"line":115,"column":6},"end":{"line":118,"column":8}},"44":{"start":{"line":119,"column":6},"end":{"line":119,"column":72}},"45":{"start":{"line":122,"column":4},"end":{"line":122,"column":72}},"46":{"start":{"line":123,"column":4},"end":{"line":123,"column":20}},"47":{"start":{"line":128,"column":0},"end":{"line":131,"column":3}},"48":{"start":{"line":129,"column":2},"end":{"line":129,"column":59}},"49":{"start":{"line":130,"column":2},"end":{"line":130,"column":18}},"50":{"start":{"line":133,"column":0},"end":{"line":136,"column":3}},"51":{"start":{"line":134,"column":2},"end":{"line":134,"column":50}},"52":{"start":{"line":135,"column":2},"end":{"line":135,"column":18}},"53":{"start":{"line":139,"column":0},"end":{"line":139,"column":14}}},"fnMap":{"0":{"name":"startServer","decl":{"start":{"line":86,"column":15},"end":{"line":86,"column":26}},"loc":{"start":{"line":86,"column":29},"end":{"line":125,"column":1}},"line":86},"1":{"name":"(anonymous_1)","decl":{"start":{"line":89,"column":44},"end":{"line":89,"column":45}},"loc":{"start":{"line":89,"column":57},"end":{"line":89,"column":78}},"line":89},"2":{"name":"(anonymous_2)","decl":{"start":{"line":99,"column":21},"end":{"line":99,"column":22}},"loc":{"start":{"line":99,"column":27},"end":{"line":120,"column":5}},"line":99},"3":{"name":"(anonymous_3)","decl":{"start":{"line":128,"column":21},"end":{"line":128,"column":22}},"loc":{"start":{"line":128,"column":27},"end":{"line":131,"column":1}},"line":128},"4":{"name":"(anonymous_4)","decl":{"start":{"line":133,"column":22},"end":{"line":133,"column":23}},"loc":{"start":{"line":133,"column":28},"end":{"line":136,"column":1}},"line":133}},"branchMap":{"0":{"loc":{"start":{"line":91,"column":4},"end":{"line":96,"column":5}},"type":"if","locations":[{"start":{"line":91,"column":4},"end":{"line":96,"column":5}},{"start":{},"end":{}}],"line":91}},"s":{"0":0,"1":0,"2":0,"3":0,"4":0,"5":0,"6":0,"7":0,"8":0,"9":0,"10":0,"11":0,"12":0,"13":0,"14":0,"15":0,"16":0,"17":0,"18":0,"19":0,"20":0,"21":0,"22":0,"23":0,"24":0,"25":0,"26":0,"27":0,"28":0,"29":0,"30":0,"31":0,"32":0,"33":0,"34":0,"35":0,"36":0,"37":0,"38":0,"39":0,"40":0,"41":0,"42":0,"43":0,"44":0,"45":0,"46":0,"47":0,"48":0,"49":0,"50":0,"51":0,"52":0,"53":0},"f":{"0":0,"1":0,"2":0,"3":0,"4":0},"b":{"0":[0,0]},"inputSourceMap":null}
,"C:\\Users\\lucle\\Desktop\\Projets\\Novapsy\\test\\backend-stripe\\config\\constants.js": {"path":"C:\\Users\\lucle\\Desktop\\Projets\\Novapsy\\test\\backend-stripe\\config\\constants.js","statementMap":{"0":{"start":{"line":2,"column":13},"end":{"line":2,"column":37}},"1":{"start":{"line":3,"column":21},"end":{"line":3,"column":72}},"2":{"start":{"line":4,"column":23},"end":{"line":4,"column":56}},"3":{"start":{"line":7,"column":15},"end":{"line":16,"column":1}},"4":{"start":{"line":19,"column":18},"end":{"line":36,"column":1}},"5":{"start":{"line":39,"column":24},"end":{"line":46,"column":1}},"6":{"start":{"line":48,"column":0},"end":{"line":55,"column":2}}},"fnMap":{},"branchMap":{"0":{"loc":{"start":{"line":2,"column":13},"end":{"line":2,"column":37}},"type":"binary-expr","locations":[{"start":{"line":2,"column":13},"end":{"line":2,"column":29}},{"start":{"line":2,"column":33},"end":{"line":2,"column":37}}],"line":2},"1":{"loc":{"start":{"line":3,"column":21},"end":{"line":3,"column":72}},"type":"binary-expr","locations":[{"start":{"line":3,"column":21},"end":{"line":3,"column":45}},{"start":{"line":3,"column":49},"end":{"line":3,"column":72}}],"line":3}},"s":{"0":0,"1":0,"2":0,"3":0,"4":0,"5":0,"6":0},"f":{},"b":{"0":[0,0],"1":[0,0]},"inputSourceMap":null}
,"C:\\Users\\lucle\\Desktop\\Projets\\Novapsy\\test\\backend-stripe\\config\\database.js": {"path":"C:\\Users\\lucle\\Desktop\\Projets\\Novapsy\\test\\backend-stripe\\config\\database.js","statementMap":{"0":{"start":{"line":1,"column":0},"end":{"line":1,"column":27}},"1":{"start":{"line":2,"column":25},"end":{"line":2,"column":57}},"2":{"start":{"line":5,"column":17},"end":{"line":8,"column":1}},"3":{"start":{"line":10,"column":0},"end":{"line":12,"column":2}}},"fnMap":{},"branchMap":{},"s":{"0":0,"1":0,"2":0,"3":0},"f":{},"b":{},"inputSourceMap":null}
,"C:\\Users\\lucle\\Desktop\\Projets\\Novapsy\\test\\backend-stripe\\config\\email.js": {"path":"C:\\Users\\lucle\\Desktop\\Projets\\Novapsy\\test\\backend-stripe\\config\\email.js","statementMap":{"0":{"start":{"line":1,"column":19},"end":{"line":1,"column":36}},"1":{"start":{"line":4,"column":15},"end":{"line":4,"column":53}},"2":{"start":{"line":5,"column":0},"end":{"line":5,"column":48}},"3":{"start":{"line":7,"column":19},"end":{"line":7,"column":67}},"4":{"start":{"line":8,"column":22},"end":{"line":8,"column":91}},"5":{"start":{"line":10,"column":0},"end":{"line":14,"column":2}}},"fnMap":{},"branchMap":{"0":{"loc":{"start":{"line":7,"column":19},"end":{"line":7,"column":67}},"type":"binary-expr","locations":[{"start":{"line":7,"column":19},"end":{"line":7,"column":41}},{"start":{"line":7,"column":45},"end":{"line":7,"column":67}}],"line":7},"1":{"loc":{"start":{"line":8,"column":22},"end":{"line":8,"column":91}},"type":"binary-expr","locations":[{"start":{"line":8,"column":22},"end":{"line":8,"column":47}},{"start":{"line":8,"column":51},"end":{"line":8,"column":91}}],"line":8}},"s":{"0":0,"1":0,"2":0,"3":0,"4":0,"5":0},"f":{},"b":{"0":[0,0],"1":[0,0]},"inputSourceMap":null}
,"C:\\Users\\lucle\\Desktop\\Projets\\Novapsy\\test\\backend-stripe\\config\\stripe.js": {"path":"C:\\Users\\lucle\\Desktop\\Projets\\Novapsy\\test\\backend-stripe\\config\\stripe.js","statementMap":{"0":{"start":{"line":1,"column":15},"end":{"line":1,"column":32}},"1":{"start":{"line":4,"column":15},"end":{"line":6,"column":2}},"2":{"start":{"line":8,"column":0},"end":{"line":10,"column":2}}},"fnMap":{},"branchMap":{},"s":{"0":0,"1":0,"2":0},"f":{},"b":{},"inputSourceMap":null}
,"C:\\Users\\lucle\\Desktop\\Projets\\Novapsy\\test\\backend-stripe\\config\\swagger.js": {"path":"C:\\Users\\lucle\\Desktop\\Projets\\Novapsy\\test\\backend-stripe\\config\\swagger.js","statementMap":{"0":{"start":{"line":2,"column":21},"end":{"line":2,"column":45}},"1":{"start":{"line":3,"column":18},"end":{"line":3,"column":47}},"2":{"start":{"line":5,"column":16},"end":{"line":1308,"column":1}},"3":{"start":{"line":1310,"column":14},"end":{"line":1310,"column":35}},"4":{"start":{"line":1312,"column":0},"end":{"line":1312,"column":38}}},"fnMap":{},"branchMap":{"0":{"loc":{"start":{"line":21,"column":10},"end":{"line":23,"column":37}},"type":"cond-expr","locations":[{"start":{"line":22,"column":14},"end":{"line":22,"column":43}},{"start":{"line":23,"column":14},"end":{"line":23,"column":37}}],"line":21},"1":{"loc":{"start":{"line":25,"column":10},"end":{"line":25,"column":78}},"type":"cond-expr","locations":[{"start":{"line":25,"column":50},"end":{"line":25,"column":62}},{"start":{"line":25,"column":65},"end":{"line":25,"column":78}}],"line":25}},"s":{"0":0,"1":0,"2":0,"3":0,"4":0},"f":{},"b":{"0":[0,0],"1":[0,0]},"inputSourceMap":null}
,"C:\\Users\\lucle\\Desktop\\Projets\\Novapsy\\test\\backend-stripe\\contact\\contactRoutes.js": {"path":"C:\\Users\\lucle\\Desktop\\Projets\\Novapsy\\test\\backend-stripe\\contact\\contactRoutes.js","statementMap":{"0":{"start":{"line":4,"column":16},"end":{"line":4,"column":34}},"1":{"start":{"line":8,"column":4},"end":{"line":8,"column":31}},"2":{"start":{"line":9,"column":29},"end":{"line":9,"column":56}},"3":{"start":{"line":11,"column":15},"end":{"line":11,"column":31}},"4":{"start":{"line":17,"column":0},"end":{"line":48,"column":3}},"5":{"start":{"line":18,"column":2},"end":{"line":18,"column":69}},"6":{"start":{"line":20,"column":2},"end":{"line":47,"column":3}},"7":{"start":{"line":22,"column":19},"end":{"line":22,"column":53}},"8":{"start":{"line":25,"column":4},"end":{"line":31,"column":5}},"9":{"start":{"line":26,"column":6},"end":{"line":26,"column":42}},"10":{"start":{"line":29,"column":25},"end":{"line":29,"column":50}},"11":{"start":{"line":30,"column":6},"end":{"line":30,"column":49}},"12":{"start":{"line":34,"column":4},"end":{"line":38,"column":7}},"13":{"start":{"line":40,"column":4},"end":{"line":46,"column":7}},"14":{"start":{"line":54,"column":0},"end":{"line":91,"column":3}},"15":{"start":{"line":55,"column":2},"end":{"line":58,"column":4}},"16":{"start":{"line":60,"column":2},"end":{"line":90,"column":3}},"17":{"start":{"line":62,"column":19},"end":{"line":62,"column":49}},"18":{"start":{"line":64,"column":4},"end":{"line":77,"column":5}},"19":{"start":{"line":65,"column":6},"end":{"line":68,"column":8}},"20":{"start":{"line":69,"column":6},"end":{"line":69,"column":42}},"21":{"start":{"line":71,"column":6},"end":{"line":75,"column":8}},"22":{"start":{"line":76,"column":6},"end":{"line":76,"column":42}},"23":{"start":{"line":79,"column":4},"end":{"line":82,"column":7}},"24":{"start":{"line":84,"column":4},"end":{"line":89,"column":7}},"25":{"start":{"line":93,"column":0},"end":{"line":93,"column":24}}},"fnMap":{"0":{"name":"(anonymous_0)","decl":{"start":{"line":17,"column":24},"end":{"line":17,"column":25}},"loc":{"start":{"line":17,"column":44},"end":{"line":48,"column":1}},"line":17},"1":{"name":"(anonymous_1)","decl":{"start":{"line":54,"column":28},"end":{"line":54,"column":29}},"loc":{"start":{"line":54,"column":48},"end":{"line":91,"column":1}},"line":54}},"branchMap":{"0":{"loc":{"start":{"line":25,"column":4},"end":{"line":31,"column":5}},"type":"if","locations":[{"start":{"line":25,"column":4},"end":{"line":31,"column":5}},{"start":{"line":27,"column":11},"end":{"line":31,"column":5}}],"line":25},"1":{"loc":{"start":{"line":29,"column":25},"end":{"line":29,"column":50}},"type":"cond-expr","locations":[{"start":{"line":29,"column":41},"end":{"line":29,"column":44}},{"start":{"line":29,"column":47},"end":{"line":29,"column":50}}],"line":29},"2":{"loc":{"start":{"line":37,"column":12},"end":{"line":37,"column":58}},"type":"cond-expr","locations":[{"start":{"line":37,"column":23},"end":{"line":37,"column":44}},{"start":{"line":37,"column":47},"end":{"line":37,"column":58}}],"line":37},"3":{"loc":{"start":{"line":64,"column":4},"end":{"line":77,"column":5}},"type":"if","locations":[{"start":{"line":64,"column":4},"end":{"line":77,"column":5}},{"start":{"line":70,"column":11},"end":{"line":77,"column":5}}],"line":64}},"s":{"0":0,"1":0,"2":0,"3":0,"4":0,"5":0,"6":0,"7":0,"8":0,"9":0,"10":0,"11":0,"12":0,"13":0,"14":0,"15":0,"16":0,"17":0,"18":0,"19":0,"20":0,"21":0,"22":0,"23":0,"24":0,"25":0},"f":{"0":0,"1":0},"b":{"0":[0,0],"1":[0,0],"2":[0,0],"3":[0,0]},"inputSourceMap":null}
,"C:\\Users\\lucle\\Desktop\\Projets\\Novapsy\\test\\backend-stripe\\contact\\contactService.js": {"path":"C:\\Users\\lucle\\Desktop\\Projets\\Novapsy\\test\\backend-stripe\\contact\\contactService.js","statementMap":{"0":{"start":{"line":4,"column":49},"end":{"line":4,"column":69}},"1":{"start":{"line":5,"column":26},"end":{"line":5,"column":52}},"2":{"start":{"line":6,"column":29},"end":{"line":6,"column":56}},"3":{"start":{"line":14,"column":2},"end":{"line":14,"column":74}},"4":{"start":{"line":16,"column":2},"end":{"line":61,"column":3}},"5":{"start":{"line":18,"column":4},"end":{"line":24,"column":5}},"6":{"start":{"line":19,"column":6},"end":{"line":23,"column":8}},"7":{"start":{"line":27,"column":19},"end":{"line":27,"column":51}},"8":{"start":{"line":30,"column":4},"end":{"line":40,"column":5}},"9":{"start":{"line":31,"column":6},"end":{"line":34,"column":9}},"10":{"start":{"line":36,"column":6},"end":{"line":39,"column":9}},"11":{"start":{"line":42,"column":4},"end":{"line":42,"column":18}},"12":{"start":{"line":44,"column":4},"end":{"line":52,"column":6}},"13":{"start":{"line":54,"column":4},"end":{"line":60,"column":6}},"14":{"start":{"line":69,"column":2},"end":{"line":69,"column":66}},"15":{"start":{"line":71,"column":2},"end":{"line":144,"column":3}},"16":{"start":{"line":73,"column":21},"end":{"line":91,"column":5}},"17":{"start":{"line":94,"column":19},"end":{"line":98,"column":5}},"18":{"start":{"line":100,"column":4},"end":{"line":131,"column":5}},"19":{"start":{"line":101,"column":6},"end":{"line":105,"column":9}},"20":{"start":{"line":107,"column":6},"end":{"line":118,"column":8}},"21":{"start":{"line":120,"column":6},"end":{"line":123,"column":9}},"22":{"start":{"line":125,"column":6},"end":{"line":130,"column":8}},"23":{"start":{"line":133,"column":4},"end":{"line":136,"column":7}},"24":{"start":{"line":138,"column":4},"end":{"line":143,"column":6}},"25":{"start":{"line":153,"column":17},"end":{"line":153,"column":19}},"26":{"start":{"line":156,"column":2},"end":{"line":158,"column":3}},"27":{"start":{"line":157,"column":4},"end":{"line":157,"column":34}},"28":{"start":{"line":161,"column":2},"end":{"line":163,"column":3}},"29":{"start":{"line":162,"column":4},"end":{"line":162,"column":57}},"30":{"start":{"line":166,"column":2},"end":{"line":168,"column":3}},"31":{"start":{"line":167,"column":4},"end":{"line":167,"column":62}},"32":{"start":{"line":171,"column":2},"end":{"line":173,"column":3}},"33":{"start":{"line":172,"column":4},"end":{"line":172,"column":60}},"34":{"start":{"line":175,"column":2},"end":{"line":184,"column":4}},"35":{"start":{"line":187,"column":0},"end":{"line":191,"column":2}}},"fnMap":{"0":{"name":"processContactForm","decl":{"start":{"line":13,"column":15},"end":{"line":13,"column":33}},"loc":{"start":{"line":13,"column":44},"end":{"line":62,"column":1}},"line":13},"1":{"name":"testEmailConfiguration","decl":{"start":{"line":68,"column":15},"end":{"line":68,"column":37}},"loc":{"start":{"line":68,"column":40},"end":{"line":145,"column":1}},"line":68},"2":{"name":"validateContactForm","decl":{"start":{"line":152,"column":9},"end":{"line":152,"column":28}},"loc":{"start":{"line":152,"column":39},"end":{"line":185,"column":1}},"line":152}},"branchMap":{"0":{"loc":{"start":{"line":18,"column":4},"end":{"line":24,"column":5}},"type":"if","locations":[{"start":{"line":18,"column":4},"end":{"line":24,"column":5}},{"start":{},"end":{}}],"line":18},"1":{"loc":{"start":{"line":30,"column":4},"end":{"line":40,"column":5}},"type":"if","locations":[{"start":{"line":30,"column":4},"end":{"line":40,"column":5}},{"start":{"line":35,"column":11},"end":{"line":40,"column":5}}],"line":30},"2":{"loc":{"start":{"line":50,"column":18},"end":{"line":50,"column":64}},"type":"cond-expr","locations":[{"start":{"line":50,"column":29},"end":{"line":50,"column":50}},{"start":{"line":50,"column":53},"end":{"line":50,"column":64}}],"line":50},"3":{"loc":{"start":{"line":100,"column":4},"end":{"line":131,"column":5}},"type":"if","locations":[{"start":{"line":100,"column":4},"end":{"line":131,"column":5}},{"start":{"line":119,"column":11},"end":{"line":131,"column":5}}],"line":100},"4":{"loc":{"start":{"line":156,"column":2},"end":{"line":158,"column":3}},"type":"if","locations":[{"start":{"line":156,"column":2},"end":{"line":158,"column":3}},{"start":{},"end":{}}],"line":156},"5":{"loc":{"start":{"line":156,"column":6},"end":{"line":156,"column":54}},"type":"binary-expr","locations":[{"start":{"line":156,"column":6},"end":{"line":156,"column":21}},{"start":{"line":156,"column":25},"end":{"line":156,"column":54}}],"line":156},"6":{"loc":{"start":{"line":161,"column":2},"end":{"line":163,"column":3}},"type":"if","locations":[{"start":{"line":161,"column":2},"end":{"line":163,"column":3}},{"start":{},"end":{}}],"line":161},"7":{"loc":{"start":{"line":161,"column":6},"end":{"line":161,"column":55}},"type":"binary-expr","locations":[{"start":{"line":161,"column":6},"end":{"line":161,"column":20}},{"start":{"line":161,"column":24},"end":{"line":161,"column":55}}],"line":161},"8":{"loc":{"start":{"line":166,"column":2},"end":{"line":168,"column":3}},"type":"if","locations":[{"start":{"line":166,"column":2},"end":{"line":168,"column":3}},{"start":{},"end":{}}],"line":166},"9":{"loc":{"start":{"line":166,"column":6},"end":{"line":166,"column":62}},"type":"binary-expr","locations":[{"start":{"line":166,"column":6},"end":{"line":166,"column":23}},{"start":{"line":166,"column":27},"end":{"line":166,"column":62}}],"line":166},"10":{"loc":{"start":{"line":171,"column":2},"end":{"line":173,"column":3}},"type":"if","locations":[{"start":{"line":171,"column":2},"end":{"line":173,"column":3}},{"start":{},"end":{}}],"line":171},"11":{"loc":{"start":{"line":171,"column":6},"end":{"line":171,"column":55}},"type":"binary-expr","locations":[{"start":{"line":171,"column":6},"end":{"line":171,"column":22}},{"start":{"line":171,"column":26},"end":{"line":171,"column":55}}],"line":171},"12":{"loc":{"start":{"line":181,"column":15},"end":{"line":181,"column":71}},"type":"binary-expr","locations":[{"start":{"line":181,"column":15},"end":{"line":181,"column":39}},{"start":{"line":181,"column":43},"end":{"line":181,"column":71}}],"line":181}},"s":{"0":0,"1":0,"2":0,"3":0,"4":0,"5":0,"6":0,"7":0,"8":0,"9":0,"10":0,"11":0,"12":0,"13":0,"14":0,"15":0,"16":0,"17":0,"18":0,"19":0,"20":0,"21":0,"22":0,"23":0,"24":0,"25":0,"26":0,"27":0,"28":0,"29":0,"30":0,"31":0,"32":0,"33":0,"34":0,"35":0},"f":{"0":0,"1":0,"2":0},"b":{"0":[0,0],"1":[0,0],"2":[0,0],"3":[0,0],"4":[0,0],"5":[0,0],"6":[0,0],"7":[0,0],"8":[0,0],"9":[0,0],"10":[0,0],"11":[0,0],"12":[0,0]},"inputSourceMap":null}
,"C:\\Users\\lucle\\Desktop\\Projets\\Novapsy\\test\\backend-stripe\\contact\\index.js": {"path":"C:\\Users\\lucle\\Desktop\\Projets\\Novapsy\\test\\backend-stripe\\contact\\index.js","statementMap":{"0":{"start":{"line":4,"column":22},"end":{"line":4,"column":48}},"1":{"start":{"line":8,"column":4},"end":{"line":8,"column":31}},"2":{"start":{"line":10,"column":0},"end":{"line":15,"column":2}}},"fnMap":{},"branchMap":{},"s":{"0":0,"1":0,"2":0},"f":{},"b":{},"inputSourceMap":null}
,"C:\\Users\\lucle\\Desktop\\Projets\\Novapsy\\test\\backend-stripe\\debug\\debugController.js": {"path":"C:\\Users\\lucle\\Desktop\\Projets\\Novapsy\\test\\backend-stripe\\debug\\debugController.js","statementMap":{"0":{"start":{"line":2,"column":29},"end":{"line":2,"column":56}},"1":{"start":{"line":3,"column":26},"end":{"line":3,"column":56}},"2":{"start":{"line":10,"column":31},"end":{"line":55,"column":1}},"3":{"start":{"line":11,"column":21},"end":{"line":11,"column":31}},"4":{"start":{"line":13,"column":2},"end":{"line":16,"column":4}},"5":{"start":{"line":19,"column":2},"end":{"line":24,"column":3}},"6":{"start":{"line":20,"column":4},"end":{"line":20,"column":68}},"7":{"start":{"line":21,"column":4},"end":{"line":23,"column":7}},"8":{"start":{"line":26,"column":2},"end":{"line":54,"column":3}},"9":{"start":{"line":27,"column":18},"end":{"line":27,"column":45}},"10":{"start":{"line":29,"column":4},"end":{"line":44,"column":5}},"11":{"start":{"line":30,"column":6},"end":{"line":33,"column":9}},"12":{"start":{"line":34,"column":6},"end":{"line":37,"column":9}},"13":{"start":{"line":39,"column":6},"end":{"line":39,"column":80}},"14":{"start":{"line":40,"column":6},"end":{"line":43,"column":9}},"15":{"start":{"line":46,"column":4},"end":{"line":49,"column":7}},"16":{"start":{"line":50,"column":4},"end":{"line":53,"column":7}},"17":{"start":{"line":57,"column":0},"end":{"line":59,"column":2}}},"fnMap":{"0":{"name":"(anonymous_0)","decl":{"start":{"line":10,"column":31},"end":{"line":10,"column":32}},"loc":{"start":{"line":10,"column":51},"end":{"line":55,"column":1}},"line":10}},"branchMap":{"0":{"loc":{"start":{"line":19,"column":2},"end":{"line":24,"column":3}},"type":"if","locations":[{"start":{"line":19,"column":2},"end":{"line":24,"column":3}},{"start":{},"end":{}}],"line":19},"1":{"loc":{"start":{"line":19,"column":6},"end":{"line":19,"column":37}},"type":"binary-expr","locations":[{"start":{"line":19,"column":6},"end":{"line":19,"column":13}},{"start":{"line":19,"column":17},"end":{"line":19,"column":37}}],"line":19},"2":{"loc":{"start":{"line":29,"column":4},"end":{"line":44,"column":5}},"type":"if","locations":[{"start":{"line":29,"column":4},"end":{"line":44,"column":5}},{"start":{"line":38,"column":11},"end":{"line":44,"column":5}}],"line":29}},"s":{"0":0,"1":0,"2":0,"3":0,"4":0,"5":0,"6":0,"7":0,"8":0,"9":0,"10":0,"11":0,"12":0,"13":0,"14":0,"15":0,"16":0,"17":0},"f":{"0":0},"b":{"0":[0,0],"1":[0,0],"2":[0,0]},"inputSourceMap":null}
,"C:\\Users\\lucle\\Desktop\\Projets\\Novapsy\\test\\backend-stripe\\debug\\debugRoutes.js": {"path":"C:\\Users\\lucle\\Desktop\\Projets\\Novapsy\\test\\backend-stripe\\debug\\debugRoutes.js","statementMap":{"0":{"start":{"line":2,"column":16},"end":{"line":2,"column":34}},"1":{"start":{"line":3,"column":35},"end":{"line":3,"column":63}},"2":{"start":{"line":5,"column":15},"end":{"line":5,"column":31}},"3":{"start":{"line":15,"column":0},"end":{"line":15,"column":58}},"4":{"start":{"line":17,"column":0},"end":{"line":17,"column":24}}},"fnMap":{},"branchMap":{},"s":{"0":0,"1":0,"2":0,"3":0,"4":0},"f":{},"b":{},"inputSourceMap":null}
,"C:\\Users\\lucle\\Desktop\\Projets\\Novapsy\\test\\backend-stripe\\debug\\index.js": {"path":"C:\\Users\\lucle\\Desktop\\Projets\\Novapsy\\test\\backend-stripe\\debug\\index.js","statementMap":{"0":{"start":{"line":2,"column":20},"end":{"line":2,"column":44}},"1":{"start":{"line":4,"column":0},"end":{"line":6,"column":2}}},"fnMap":{},"branchMap":{},"s":{"0":0,"1":0},"f":{},"b":{},"inputSourceMap":null}
,"C:\\Users\\lucle\\Desktop\\Projets\\Novapsy\\test\\backend-stripe\\emails\\contactEmails.js": {"path":"C:\\Users\\lucle\\Desktop\\Projets\\Novapsy\\test\\backend-stripe\\emails\\contactEmails.js","statementMap":{"0":{"start":{"line":1,"column":31},"end":{"line":1,"column":53}},"1":{"start":{"line":5,"column":4},"end":{"line":5,"column":31}},"2":{"start":{"line":6,"column":32},"end":{"line":6,"column":60}},"3":{"start":{"line":7,"column":26},"end":{"line":7,"column":52}},"4":{"start":{"line":8,"column":29},"end":{"line":8,"column":56}},"5":{"start":{"line":16,"column":2},"end":{"line":16,"column":71}},"6":{"start":{"line":18,"column":42},"end":{"line":18,"column":53}},"7":{"start":{"line":20,"column":2},"end":{"line":25,"column":5}},"8":{"start":{"line":28,"column":21},"end":{"line":28,"column":73}},"9":{"start":{"line":30,"column":2},"end":{"line":37,"column":3}},"10":{"start":{"line":31,"column":4},"end":{"line":31,"column":72}},"11":{"start":{"line":32,"column":4},"end":{"line":36,"column":6}},"12":{"start":{"line":39,"column":2},"end":{"line":159,"column":3}},"13":{"start":{"line":41,"column":22},"end":{"line":46,"column":5}},"14":{"start":{"line":49,"column":25},"end":{"line":49,"column":74}},"15":{"start":{"line":50,"column":22},"end":{"line":50,"column":57}},"16":{"start":{"line":52,"column":4},"end":{"line":55,"column":6}},"17":{"start":{"line":58,"column":24},"end":{"line":69,"column":5}},"18":{"start":{"line":71,"column":4},"end":{"line":146,"column":5}},"19":{"start":{"line":72,"column":6},"end":{"line":75,"column":9}},"20":{"start":{"line":78,"column":6},"end":{"line":116,"column":9}},"21":{"start":{"line":79,"column":8},"end":{"line":115,"column":9}},"22":{"start":{"line":80,"column":38},"end":{"line":80,"column":79}},"23":{"start":{"line":81,"column":35},"end":{"line":84,"column":11}},"24":{"start":{"line":86,"column":32},"end":{"line":90,"column":11}},"25":{"start":{"line":92,"column":10},"end":{"line":106,"column":11}},"26":{"start":{"line":93,"column":12},"end":{"line":96,"column":15}},"27":{"start":{"line":98,"column":12},"end":{"line":105,"column":14}},"28":{"start":{"line":108,"column":10},"end":{"line":114,"column":12}},"29":{"start":{"line":119,"column":6},"end":{"line":124,"column":8}},"30":{"start":{"line":127,"column":6},"end":{"line":134,"column":8}},"31":{"start":{"line":136,"column":6},"end":{"line":145,"column":8}},"32":{"start":{"line":148,"column":4},"end":{"line":151,"column":7}},"33":{"start":{"line":153,"column":4},"end":{"line":158,"column":6}},"34":{"start":{"line":162,"column":0},"end":{"line":164,"column":2}}},"fnMap":{"0":{"name":"sendContactEmail","decl":{"start":{"line":15,"column":15},"end":{"line":15,"column":31}},"loc":{"start":{"line":15,"column":45},"end":{"line":160,"column":1}},"line":15},"1":{"name":"(anonymous_1)","decl":{"start":{"line":78,"column":19},"end":{"line":78,"column":20}},"loc":{"start":{"line":78,"column":31},"end":{"line":116,"column":7}},"line":78}},"branchMap":{"0":{"loc":{"start":{"line":21,"column":10},"end":{"line":21,"column":28}},"type":"binary-expr","locations":[{"start":{"line":21,"column":10},"end":{"line":21,"column":14}},{"start":{"line":21,"column":18},"end":{"line":21,"column":28}}],"line":21},"1":{"loc":{"start":{"line":22,"column":11},"end":{"line":22,"column":30}},"type":"binary-expr","locations":[{"start":{"line":22,"column":11},"end":{"line":22,"column":16}},{"start":{"line":22,"column":20},"end":{"line":22,"column":30}}],"line":22},"2":{"loc":{"start":{"line":23,"column":11},"end":{"line":23,"column":32}},"type":"binary-expr","locations":[{"start":{"line":23,"column":11},"end":{"line":23,"column":16}},{"start":{"line":23,"column":20},"end":{"line":23,"column":32}}],"line":23},"3":{"loc":{"start":{"line":24,"column":19},"end":{"line":24,"column":47}},"type":"cond-expr","locations":[{"start":{"line":24,"column":29},"end":{"line":24,"column":43}},{"start":{"line":24,"column":46},"end":{"line":24,"column":47}}],"line":24},"4":{"loc":{"start":{"line":30,"column":2},"end":{"line":37,"column":3}},"type":"if","locations":[{"start":{"line":30,"column":2},"end":{"line":37,"column":3}},{"start":{},"end":{}}],"line":30},"5":{"loc":{"start":{"line":44,"column":13},"end":{"line":44,"column":40}},"type":"cond-expr","locations":[{"start":{"line":44,"column":21},"end":{"line":44,"column":33}},{"start":{"line":44,"column":36},"end":{"line":44,"column":40}}],"line":44},"6":{"loc":{"start":{"line":71,"column":4},"end":{"line":146,"column":5}},"type":"if","locations":[{"start":{"line":71,"column":4},"end":{"line":146,"column":5}},{"start":{"line":125,"column":11},"end":{"line":146,"column":5}}],"line":71},"7":{"loc":{"start":{"line":92,"column":10},"end":{"line":106,"column":11}},"type":"if","locations":[{"start":{"line":92,"column":10},"end":{"line":106,"column":11}},{"start":{"line":97,"column":17},"end":{"line":106,"column":11}}],"line":92}},"s":{"0":0,"1":0,"2":0,"3":0,"4":0,"5":0,"6":0,"7":0,"8":0,"9":0,"10":0,"11":0,"12":0,"13":0,"14":0,"15":0,"16":0,"17":0,"18":0,"19":0,"20":0,"21":0,"22":0,"23":0,"24":0,"25":0,"26":0,"27":0,"28":0,"29":0,"30":0,"31":0,"32":0,"33":0,"34":0},"f":{"0":0,"1":0},"b":{"0":[0,0],"1":[0,0],"2":[0,0],"3":[0,0],"4":[0,0],"5":[0,0],"6":[0,0],"7":[0,0]},"inputSourceMap":null}
,"C:\\Users\\lucle\\Desktop\\Projets\\Novapsy\\test\\backend-stripe\\emails\\emailCore.js": {"path":"C:\\Users\\lucle\\Desktop\\Projets\\Novapsy\\test\\backend-stripe\\emails\\emailCore.js","statementMap":{"0":{"start":{"line":1,"column":31},"end":{"line":1,"column":57}},"1":{"start":{"line":2,"column":29},"end":{"line":2,"column":56}},"2":{"start":{"line":12,"column":2},"end":{"line":49,"column":3}},"3":{"start":{"line":13,"column":4},"end":{"line":13,"column":61}},"4":{"start":{"line":15,"column":4},"end":{"line":18,"column":5}},"5":{"start":{"line":16,"column":6},"end":{"line":16,"column":58}},"6":{"start":{"line":17,"column":6},"end":{"line":17,"column":19}},"7":{"start":{"line":20,"column":19},"end":{"line":25,"column":6}},"8":{"start":{"line":27,"column":4},"end":{"line":41,"column":5}},"9":{"start":{"line":28,"column":6},"end":{"line":32,"column":9}},"10":{"start":{"line":33,"column":6},"end":{"line":33,"column":18}},"11":{"start":{"line":35,"column":6},"end":{"line":39,"column":9}},"12":{"start":{"line":40,"column":6},"end":{"line":40,"column":19}},"13":{"start":{"line":43,"column":4},"end":{"line":47,"column":7}},"14":{"start":{"line":48,"column":4},"end":{"line":48,"column":17}},"15":{"start":{"line":61,"column":21},"end":{"line":61,"column":22}},"16":{"start":{"line":62,"column":18},"end":{"line":62,"column":22}},"17":{"start":{"line":64,"column":2},"end":{"line":118,"column":3}},"18":{"start":{"line":64,"column":21},"end":{"line":64,"column":22}},"19":{"start":{"line":65,"column":4},"end":{"line":112,"column":5}},"20":{"start":{"line":66,"column":6},"end":{"line":70,"column":8}},"21":{"start":{"line":72,"column":24},"end":{"line":78,"column":7}},"22":{"start":{"line":80,"column":21},"end":{"line":80,"column":56}},"23":{"start":{"line":82,"column":6},"end":{"line":93,"column":7}},"24":{"start":{"line":83,"column":8},"end":{"line":87,"column":11}},"25":{"start":{"line":88,"column":8},"end":{"line":92,"column":10}},"26":{"start":{"line":95,"column":6},"end":{"line":101,"column":7}},"27":{"start":{"line":96,"column":8},"end":{"line":96,"column":33}},"28":{"start":{"line":97,"column":8},"end":{"line":100,"column":11}},"29":{"start":{"line":103,"column":6},"end":{"line":103,"column":32}},"30":{"start":{"line":104,"column":6},"end":{"line":111,"column":8}},"31":{"start":{"line":115,"column":4},"end":{"line":117,"column":5}},"32":{"start":{"line":116,"column":6},"end":{"line":116,"column":74}},"33":{"start":{"line":116,"column":37},"end":{"line":116,"column":72}},"34":{"start":{"line":120,"column":2},"end":{"line":124,"column":5}},"35":{"start":{"line":126,"column":2},"end":{"line":130,"column":4}},"36":{"start":{"line":133,"column":0},"end":{"line":136,"column":2}}},"fnMap":{"0":{"name":"sendEmail","decl":{"start":{"line":11,"column":15},"end":{"line":11,"column":24}},"loc":{"start":{"line":11,"column":44},"end":{"line":50,"column":1}},"line":11},"1":{"name":"sendEmailWithRetry","decl":{"start":{"line":60,"column":15},"end":{"line":60,"column":33}},"loc":{"start":{"line":60,"column":67},"end":{"line":131,"column":1}},"line":60},"2":{"name":"(anonymous_2)","decl":{"start":{"line":116,"column":24},"end":{"line":116,"column":25}},"loc":{"start":{"line":116,"column":37},"end":{"line":116,"column":72}},"line":116}},"branchMap":{"0":{"loc":{"start":{"line":15,"column":4},"end":{"line":18,"column":5}},"type":"if","locations":[{"start":{"line":15,"column":4},"end":{"line":18,"column":5}},{"start":{},"end":{}}],"line":15},"1":{"loc":{"start":{"line":15,"column":8},"end":{"line":15,"column":32}},"type":"binary-expr","locations":[{"start":{"line":15,"column":8},"end":{"line":15,"column":11}},{"start":{"line":15,"column":15},"end":{"line":15,"column":32}}],"line":15},"2":{"loc":{"start":{"line":27,"column":4},"end":{"line":41,"column":5}},"type":"if","locations":[{"start":{"line":27,"column":4},"end":{"line":41,"column":5}},{"start":{"line":34,"column":11},"end":{"line":41,"column":5}}],"line":27},"3":{"loc":{"start":{"line":27,"column":8},"end":{"line":27,"column":37}},"type":"binary-expr","locations":[{"start":{"line":27,"column":8},"end":{"line":27,"column":19}},{"start":{"line":27,"column":23},"end":{"line":27,"column":37}}],"line":27},"4":{"loc":{"start":{"line":60,"column":53},"end":{"line":60,"column":65}},"type":"default-arg","locations":[{"start":{"line":60,"column":63},"end":{"line":60,"column":65}}],"line":60},"5":{"loc":{"start":{"line":82,"column":6},"end":{"line":93,"column":7}},"type":"if","locations":[{"start":{"line":82,"column":6},"end":{"line":93,"column":7}},{"start":{},"end":{}}],"line":82},"6":{"loc":{"start":{"line":82,"column":10},"end":{"line":82,"column":39}},"type":"binary-expr","locations":[{"start":{"line":82,"column":10},"end":{"line":82,"column":21}},{"start":{"line":82,"column":25},"end":{"line":82,"column":39}}],"line":82},"7":{"loc":{"start":{"line":95,"column":6},"end":{"line":101,"column":7}},"type":"if","locations":[{"start":{"line":95,"column":6},"end":{"line":101,"column":7}},{"start":{},"end":{}}],"line":95},"8":{"loc":{"start":{"line":115,"column":4},"end":{"line":117,"column":5}},"type":"if","locations":[{"start":{"line":115,"column":4},"end":{"line":117,"column":5}},{"start":{},"end":{}}],"line":115}},"s":{"0":0,"1":0,"2":0,"3":0,"4":0,"5":0,"6":0,"7":0,"8":0,"9":0,"10":0,"11":0,"12":0,"13":0,"14":0,"15":0,"16":0,"17":0,"18":0,"19":0,"20":0,"21":0,"22":0,"23":0,"24":0,"25":0,"26":0,"27":0,"28":0,"29":0,"30":0,"31":0,"32":0,"33":0,"34":0,"35":0,"36":0},"f":{"0":0,"1":0,"2":0},"b":{"0":[0,0],"1":[0,0],"2":[0,0],"3":[0,0],"4":[0],"5":[0,0],"6":[0,0],"7":[0,0],"8":[0,0]},"inputSourceMap":null}
,"C:\\Users\\lucle\\Desktop\\Projets\\Novapsy\\test\\backend-stripe\\emails\\emailTemplates.js": {"path":"C:\\Users\\lucle\\Desktop\\Projets\\Novapsy\\test\\backend-stripe\\emails\\emailTemplates.js","statementMap":{"0":{"start":{"line":7,"column":15},"end":{"line":7,"column":41}},"1":{"start":{"line":10,"column":2},"end":{"line":23,"column":3}},"2":{"start":{"line":18,"column":4},"end":{"line":22,"column":6}},"3":{"start":{"line":26,"column":2},"end":{"line":38,"column":3}},"4":{"start":{"line":33,"column":4},"end":{"line":37,"column":6}},"5":{"start":{"line":41,"column":2},"end":{"line":53,"column":3}},"6":{"start":{"line":48,"column":4},"end":{"line":52,"column":6}},"7":{"start":{"line":56,"column":2},"end":{"line":60,"column":4}},"8":{"start":{"line":69,"column":42},"end":{"line":69,"column":53}},"9":{"start":{"line":71,"column":2},"end":{"line":178,"column":4}},"10":{"start":{"line":188,"column":2},"end":{"line":253,"column":4}},"11":{"start":{"line":273,"column":6},"end":{"line":273,"column":17}},"12":{"start":{"line":276,"column":22},"end":{"line":276,"column":60}},"13":{"start":{"line":278,"column":2},"end":{"line":461,"column":4}},"14":{"start":{"line":470,"column":2},"end":{"line":494,"column":4}},"15":{"start":{"line":507,"column":2},"end":{"line":540,"column":4}},"16":{"start":{"line":553,"column":2},"end":{"line":580,"column":4}},"17":{"start":{"line":583,"column":0},"end":{"line":591,"column":2}}},"fnMap":{"0":{"name":"getPreventionThemeColors","decl":{"start":{"line":6,"column":9},"end":{"line":6,"column":33}},"loc":{"start":{"line":6,"column":48},"end":{"line":61,"column":1}},"line":6},"1":{"name":"generateContactEmailHTML","decl":{"start":{"line":68,"column":9},"end":{"line":68,"column":33}},"loc":{"start":{"line":68,"column":47},"end":{"line":179,"column":1}},"line":68},"2":{"name":"generateConfirmationEmailHTML","decl":{"start":{"line":187,"column":9},"end":{"line":187,"column":38}},"loc":{"start":{"line":187,"column":62},"end":{"line":254,"column":1}},"line":187},"3":{"name":"generatePreventionRequestEmailHTML","decl":{"start":{"line":261,"column":9},"end":{"line":261,"column":43}},"loc":{"start":{"line":261,"column":57},"end":{"line":462,"column":1}},"line":261},"4":{"name":"generateMembershipConfirmationHTML","decl":{"start":{"line":469,"column":9},"end":{"line":469,"column":43}},"loc":{"start":{"line":469,"column":60},"end":{"line":495,"column":1}},"line":469},"5":{"name":"generateAssociationMembershipConfirmationHTML","decl":{"start":{"line":503,"column":9},"end":{"line":503,"column":54}},"loc":{"start":{"line":506,"column":2},"end":{"line":541,"column":1}},"line":506},"6":{"name":"generateTrainingPurchaseConfirmationHTML","decl":{"start":{"line":549,"column":9},"end":{"line":549,"column":49}},"loc":{"start":{"line":552,"column":2},"end":{"line":581,"column":1}},"line":552}},"branchMap":{"0":{"loc":{"start":{"line":10,"column":2},"end":{"line":23,"column":3}},"type":"if","locations":[{"start":{"line":10,"column":2},"end":{"line":23,"column":3}},{"start":{},"end":{}}],"line":10},"1":{"loc":{"start":{"line":11,"column":4},"end":{"line":16,"column":31}},"type":"binary-expr","locations":[{"start":{"line":11,"column":4},"end":{"line":11,"column":27}},{"start":{"line":12,"column":4},"end":{"line":12,"column":27}},{"start":{"line":13,"column":4},"end":{"line":13,"column":27}},{"start":{"line":14,"column":4},"end":{"line":14,"column":28}},{"start":{"line":15,"column":4},"end":{"line":15,"column":28}},{"start":{"line":16,"column":4},"end":{"line":16,"column":31}}],"line":11},"2":{"loc":{"start":{"line":26,"column":2},"end":{"line":38,"column":3}},"type":"if","locations":[{"start":{"line":26,"column":2},"end":{"line":38,"column":3}},{"start":{},"end":{}}],"line":26},"3":{"loc":{"start":{"line":27,"column":4},"end":{"line":31,"column":32}},"type":"binary-expr","locations":[{"start":{"line":27,"column":4},"end":{"line":27,"column":24}},{"start":{"line":28,"column":4},"end":{"line":28,"column":29}},{"start":{"line":29,"column":4},"end":{"line":29,"column":27}},{"start":{"line":30,"column":4},"end":{"line":30,"column":26}},{"start":{"line":31,"column":4},"end":{"line":31,"column":32}}],"line":27},"4":{"loc":{"start":{"line":41,"column":2},"end":{"line":53,"column":3}},"type":"if","locations":[{"start":{"line":41,"column":2},"end":{"line":53,"column":3}},{"start":{},"end":{}}],"line":41},"5":{"loc":{"start":{"line":42,"column":4},"end":{"line":46,"column":31}},"type":"binary-expr","locations":[{"start":{"line":42,"column":4},"end":{"line":42,"column":29}},{"start":{"line":43,"column":4},"end":{"line":43,"column":30}},{"start":{"line":44,"column":4},"end":{"line":44,"column":34}},{"start":{"line":45,"column":4},"end":{"line":45,"column":30}},{"start":{"line":46,"column":4},"end":{"line":46,"column":31}}],"line":42},"6":{"loc":{"start":{"line":112,"column":14},"end":{"line":119,"column":20}},"type":"cond-expr","locations":[{"start":{"line":113,"column":18},"end":{"line":118,"column":13}},{"start":{"line":119,"column":18},"end":{"line":119,"column":20}}],"line":112},"7":{"loc":{"start":{"line":224,"column":17},"end":{"line":224,"column":95}},"type":"cond-expr","locations":[{"start":{"line":224,"column":44},"end":{"line":224,"column":81}},{"start":{"line":224,"column":84},"end":{"line":224,"column":95}}],"line":224},"8":{"loc":{"start":{"line":308,"column":14},"end":{"line":314,"column":20}},"type":"cond-expr","locations":[{"start":{"line":309,"column":18},"end":{"line":313,"column":13}},{"start":{"line":314,"column":18},"end":{"line":314,"column":20}}],"line":308},"9":{"loc":{"start":{"line":346,"column":12},"end":{"line":385,"column":18}},"type":"cond-expr","locations":[{"start":{"line":347,"column":16},"end":{"line":384,"column":11}},{"start":{"line":385,"column":16},"end":{"line":385,"column":18}}],"line":346},"10":{"loc":{"start":{"line":346,"column":12},"end":{"line":346,"column":51}},"type":"binary-expr","locations":[{"start":{"line":346,"column":12},"end":{"line":346,"column":33}},{"start":{"line":346,"column":37},"end":{"line":346,"column":51}}],"line":346},"11":{"loc":{"start":{"line":355,"column":14},"end":{"line":366,"column":20}},"type":"cond-expr","locations":[{"start":{"line":356,"column":18},"end":{"line":365,"column":13}},{"start":{"line":366,"column":18},"end":{"line":366,"column":20}}],"line":355},"12":{"loc":{"start":{"line":370,"column":14},"end":{"line":381,"column":20}},"type":"cond-expr","locations":[{"start":{"line":371,"column":18},"end":{"line":380,"column":13}},{"start":{"line":381,"column":18},"end":{"line":381,"column":20}}],"line":370},"13":{"loc":{"start":{"line":389,"column":12},"end":{"line":401,"column":18}},"type":"cond-expr","locations":[{"start":{"line":390,"column":16},"end":{"line":400,"column":11}},{"start":{"line":401,"column":16},"end":{"line":401,"column":18}}],"line":389},"14":{"loc":{"start":{"line":433,"column":12},"end":{"line":443,"column":18}},"type":"cond-expr","locations":[{"start":{"line":434,"column":16},"end":{"line":442,"column":11}},{"start":{"line":443,"column":16},"end":{"line":443,"column":18}}],"line":433},"15":{"loc":{"start":{"line":565,"column":10},"end":{"line":567,"column":16}},"type":"cond-expr","locations":[{"start":{"line":566,"column":14},"end":{"line":566,"column":94}},{"start":{"line":567,"column":14},"end":{"line":567,"column":16}}],"line":565}},"s":{"0":0,"1":0,"2":0,"3":0,"4":0,"5":0,"6":0,"7":0,"8":0,"9":0,"10":0,"11":0,"12":0,"13":0,"14":0,"15":0,"16":0,"17":0},"f":{"0":0,"1":0,"2":0,"3":0,"4":0,"5":0,"6":0},"b":{"0":[0,0],"1":[0,0,0,0,0,0],"2":[0,0],"3":[0,0,0,0,0],"4":[0,0],"5":[0,0,0,0,0],"6":[0,0],"7":[0,0],"8":[0,0],"9":[0,0],"10":[0,0],"11":[0,0],"12":[0,0],"13":[0,0],"14":[0,0],"15":[0,0]},"inputSourceMap":null}
,"C:\\Users\\lucle\\Desktop\\Projets\\Novapsy\\test\\backend-stripe\\emails\\emailValidation.js": {"path":"C:\\Users\\lucle\\Desktop\\Projets\\Novapsy\\test\\backend-stripe\\emails\\emailValidation.js","statementMap":{"0":{"start":{"line":7,"column":2},"end":{"line":7,"column":50}},"1":{"start":{"line":16,"column":42},"end":{"line":16,"column":46}},"2":{"start":{"line":17,"column":17},"end":{"line":17,"column":19}},"3":{"start":{"line":20,"column":2},"end":{"line":22,"column":3}},"4":{"start":{"line":21,"column":4},"end":{"line":21,"column":63}},"5":{"start":{"line":25,"column":2},"end":{"line":27,"column":3}},"6":{"start":{"line":26,"column":4},"end":{"line":26,"column":45}},"7":{"start":{"line":30,"column":2},"end":{"line":32,"column":3}},"8":{"start":{"line":31,"column":4},"end":{"line":31,"column":71}},"9":{"start":{"line":34,"column":2},"end":{"line":36,"column":3}},"10":{"start":{"line":35,"column":4},"end":{"line":35,"column":71}},"11":{"start":{"line":39,"column":2},"end":{"line":41,"column":3}},"12":{"start":{"line":40,"column":4},"end":{"line":40,"column":50}},"13":{"start":{"line":43,"column":2},"end":{"line":46,"column":4}},"14":{"start":{"line":55,"column":60},"end":{"line":55,"column":64}},"15":{"start":{"line":56,"column":17},"end":{"line":56,"column":19}},"16":{"start":{"line":59,"column":2},"end":{"line":61,"column":3}},"17":{"start":{"line":60,"column":4},"end":{"line":60,"column":79}},"18":{"start":{"line":63,"column":2},"end":{"line":65,"column":3}},"19":{"start":{"line":64,"column":4},"end":{"line":64,"column":66}},"20":{"start":{"line":67,"column":2},"end":{"line":69,"column":3}},"21":{"start":{"line":68,"column":4},"end":{"line":68,"column":62}},"22":{"start":{"line":71,"column":2},"end":{"line":74,"column":3}},"23":{"start":{"line":72,"column":4},"end":{"line":73,"column":61}},"24":{"start":{"line":76,"column":2},"end":{"line":78,"column":3}},"25":{"start":{"line":77,"column":4},"end":{"line":77,"column":63}},"26":{"start":{"line":80,"column":2},"end":{"line":83,"column":4}},"27":{"start":{"line":86,"column":0},"end":{"line":90,"column":2}}},"fnMap":{"0":{"name":"isValidEmail","decl":{"start":{"line":6,"column":9},"end":{"line":6,"column":21}},"loc":{"start":{"line":6,"column":29},"end":{"line":8,"column":1}},"line":6},"1":{"name":"validateContactData","decl":{"start":{"line":15,"column":9},"end":{"line":15,"column":28}},"loc":{"start":{"line":15,"column":35},"end":{"line":47,"column":1}},"line":15},"2":{"name":"validatePreventionRequest","decl":{"start":{"line":54,"column":9},"end":{"line":54,"column":34}},"loc":{"start":{"line":54,"column":41},"end":{"line":84,"column":1}},"line":54}},"branchMap":{"0":{"loc":{"start":{"line":20,"column":2},"end":{"line":22,"column":3}},"type":"if","locations":[{"start":{"line":20,"column":2},"end":{"line":22,"column":3}},{"start":{},"end":{}}],"line":20},"1":{"loc":{"start":{"line":20,"column":6},"end":{"line":20,"column":37}},"type":"binary-expr","locations":[{"start":{"line":20,"column":6},"end":{"line":20,"column":11}},{"start":{"line":20,"column":15},"end":{"line":20,"column":37}}],"line":20},"2":{"loc":{"start":{"line":25,"column":2},"end":{"line":27,"column":3}},"type":"if","locations":[{"start":{"line":25,"column":2},"end":{"line":27,"column":3}},{"start":{},"end":{}}],"line":25},"3":{"loc":{"start":{"line":25,"column":6},"end":{"line":25,"column":36}},"type":"binary-expr","locations":[{"start":{"line":25,"column":6},"end":{"line":25,"column":12}},{"start":{"line":25,"column":16},"end":{"line":25,"column":36}}],"line":25},"4":{"loc":{"start":{"line":30,"column":2},"end":{"line":32,"column":3}},"type":"if","locations":[{"start":{"line":30,"column":2},"end":{"line":32,"column":3}},{"start":{},"end":{}}],"line":30},"5":{"loc":{"start":{"line":30,"column":6},"end":{"line":30,"column":44}},"type":"binary-expr","locations":[{"start":{"line":30,"column":6},"end":{"line":30,"column":14}},{"start":{"line":30,"column":18},"end":{"line":30,"column":44}}],"line":30},"6":{"loc":{"start":{"line":34,"column":2},"end":{"line":36,"column":3}},"type":"if","locations":[{"start":{"line":34,"column":2},"end":{"line":36,"column":3}},{"start":{},"end":{}}],"line":34},"7":{"loc":{"start":{"line":34,"column":6},"end":{"line":34,"column":38}},"type":"binary-expr","locations":[{"start":{"line":34,"column":6},"end":{"line":34,"column":13}},{"start":{"line":34,"column":17},"end":{"line":34,"column":38}}],"line":34},"8":{"loc":{"start":{"line":39,"column":2},"end":{"line":41,"column":3}},"type":"if","locations":[{"start":{"line":39,"column":2},"end":{"line":41,"column":3}},{"start":{},"end":{}}],"line":39},"9":{"loc":{"start":{"line":39,"column":6},"end":{"line":39,"column":45}},"type":"binary-expr","locations":[{"start":{"line":39,"column":6},"end":{"line":39,"column":11}},{"start":{"line":39,"column":15},"end":{"line":39,"column":45}}],"line":39},"10":{"loc":{"start":{"line":59,"column":2},"end":{"line":61,"column":3}},"type":"if","locations":[{"start":{"line":59,"column":2},"end":{"line":61,"column":3}},{"start":{},"end":{}}],"line":59},"11":{"loc":{"start":{"line":59,"column":6},"end":{"line":59,"column":39}},"type":"binary-expr","locations":[{"start":{"line":59,"column":6},"end":{"line":59,"column":12}},{"start":{"line":59,"column":16},"end":{"line":59,"column":39}}],"line":59},"12":{"loc":{"start":{"line":63,"column":2},"end":{"line":65,"column":3}},"type":"if","locations":[{"start":{"line":63,"column":2},"end":{"line":65,"column":3}},{"start":{},"end":{}}],"line":63},"13":{"loc":{"start":{"line":63,"column":6},"end":{"line":63,"column":41}},"type":"binary-expr","locations":[{"start":{"line":63,"column":6},"end":{"line":63,"column":13}},{"start":{"line":63,"column":17},"end":{"line":63,"column":41}}],"line":63},"14":{"loc":{"start":{"line":67,"column":2},"end":{"line":69,"column":3}},"type":"if","locations":[{"start":{"line":67,"column":2},"end":{"line":69,"column":3}},{"start":{},"end":{}}],"line":67},"15":{"loc":{"start":{"line":67,"column":6},"end":{"line":67,"column":37}},"type":"binary-expr","locations":[{"start":{"line":67,"column":6},"end":{"line":67,"column":11}},{"start":{"line":67,"column":15},"end":{"line":67,"column":37}}],"line":67},"16":{"loc":{"start":{"line":71,"column":2},"end":{"line":74,"column":3}},"type":"if","locations":[{"start":{"line":71,"column":2},"end":{"line":74,"column":3}},{"start":{},"end":{}}],"line":71},"17":{"loc":{"start":{"line":71,"column":6},"end":{"line":71,"column":57}},"type":"binary-expr","locations":[{"start":{"line":71,"column":6},"end":{"line":71,"column":21}},{"start":{"line":71,"column":25},"end":{"line":71,"column":57}}],"line":71},"18":{"loc":{"start":{"line":76,"column":2},"end":{"line":78,"column":3}},"type":"if","locations":[{"start":{"line":76,"column":2},"end":{"line":78,"column":3}},{"start":{},"end":{}}],"line":76},"19":{"loc":{"start":{"line":76,"column":6},"end":{"line":76,"column":32}},"type":"binary-expr","locations":[{"start":{"line":76,"column":6},"end":{"line":76,"column":15}},{"start":{"line":76,"column":19},"end":{"line":76,"column":32}}],"line":76}},"s":{"0":0,"1":0,"2":0,"3":0,"4":0,"5":0,"6":0,"7":0,"8":0,"9":0,"10":0,"11":0,"12":0,"13":0,"14":0,"15":0,"16":0,"17":0,"18":0,"19":0,"20":0,"21":0,"22":0,"23":0,"24":0,"25":0,"26":0,"27":0},"f":{"0":0,"1":0,"2":0},"b":{"0":[0,0],"1":[0,0],"2":[0,0],"3":[0,0],"4":[0,0],"5":[0,0],"6":[0,0],"7":[0,0],"8":[0,0],"9":[0,0],"10":[0,0],"11":[0,0],"12":[0,0],"13":[0,0],"14":[0,0],"15":[0,0],"16":[0,0],"17":[0,0],"18":[0,0],"19":[0,0]},"inputSourceMap":null}
,"C:\\Users\\lucle\\Desktop\\Projets\\Novapsy\\test\\backend-stripe\\emails\\index.js": {"path":"C:\\Users\\lucle\\Desktop\\Projets\\Novapsy\\test\\backend-stripe\\emails\\index.js","statementMap":{"0":{"start":{"line":7,"column":42},"end":{"line":7,"column":64}},"1":{"start":{"line":14,"column":4},"end":{"line":14,"column":32}},"2":{"start":{"line":25,"column":4},"end":{"line":25,"column":31}},"3":{"start":{"line":31,"column":4},"end":{"line":31,"column":33}},"4":{"start":{"line":34,"column":50},"end":{"line":34,"column":77}},"5":{"start":{"line":37,"column":29},"end":{"line":37,"column":55}},"6":{"start":{"line":43,"column":4},"end":{"line":43,"column":33}},"7":{"start":{"line":49,"column":4},"end":{"line":49,"column":33}},"8":{"start":{"line":51,"column":0},"end":{"line":79,"column":2}}},"fnMap":{},"branchMap":{},"s":{"0":0,"1":0,"2":0,"3":0,"4":0,"5":0,"6":0,"7":0,"8":0},"f":{},"b":{},"inputSourceMap":null}
,"C:\\Users\\lucle\\Desktop\\Projets\\Novapsy\\test\\backend-stripe\\emails\\membershipEmails.js": {"path":"C:\\Users\\lucle\\Desktop\\Projets\\Novapsy\\test\\backend-stripe\\emails\\membershipEmails.js","statementMap":{"0":{"start":{"line":1,"column":22},"end":{"line":1,"column":44}},"1":{"start":{"line":5,"column":4},"end":{"line":5,"column":31}},"2":{"start":{"line":6,"column":21},"end":{"line":6,"column":50}},"3":{"start":{"line":7,"column":29},"end":{"line":7,"column":56}},"4":{"start":{"line":8,"column":26},"end":{"line":8,"column":56}},"5":{"start":{"line":17,"column":2},"end":{"line":38,"column":3}},"6":{"start":{"line":18,"column":22},"end":{"line":18,"column":49}},"7":{"start":{"line":19,"column":4},"end":{"line":26,"column":5}},"8":{"start":{"line":20,"column":6},"end":{"line":24,"column":8}},"9":{"start":{"line":25,"column":6},"end":{"line":25,"column":19}},"10":{"start":{"line":28,"column":20},"end":{"line":28,"column":52}},"11":{"start":{"line":29,"column":17},"end":{"line":29,"column":67}},"12":{"start":{"line":31,"column":4},"end":{"line":31,"column":53}},"13":{"start":{"line":33,"column":4},"end":{"line":36,"column":7}},"14":{"start":{"line":37,"column":4},"end":{"line":37,"column":17}},"15":{"start":{"line":51,"column":2},"end":{"line":85,"column":3}},"16":{"start":{"line":53,"column":41},"end":{"line":57,"column":15}},"17":{"start":{"line":59,"column":4},"end":{"line":66,"column":5}},"18":{"start":{"line":60,"column":6},"end":{"line":64,"column":8}},"19":{"start":{"line":65,"column":6},"end":{"line":65,"column":19}},"20":{"start":{"line":68,"column":20},"end":{"line":68,"column":79}},"21":{"start":{"line":69,"column":17},"end":{"line":72,"column":5}},"22":{"start":{"line":74,"column":4},"end":{"line":74,"column":72}},"23":{"start":{"line":76,"column":4},"end":{"line":83,"column":6}},"24":{"start":{"line":84,"column":4},"end":{"line":84,"column":17}},"25":{"start":{"line":88,"column":0},"end":{"line":91,"column":2}}},"fnMap":{"0":{"name":"sendMembershipConfirmationEmail","decl":{"start":{"line":16,"column":15},"end":{"line":16,"column":46}},"loc":{"start":{"line":16,"column":71},"end":{"line":39,"column":1}},"line":16},"1":{"name":"sendAssociationMembershipConfirmationEmail","decl":{"start":{"line":47,"column":15},"end":{"line":47,"column":57}},"loc":{"start":{"line":50,"column":2},"end":{"line":86,"column":1}},"line":50}},"branchMap":{"0":{"loc":{"start":{"line":19,"column":4},"end":{"line":26,"column":5}},"type":"if","locations":[{"start":{"line":19,"column":4},"end":{"line":26,"column":5}},{"start":{},"end":{}}],"line":19},"1":{"loc":{"start":{"line":59,"column":4},"end":{"line":66,"column":5}},"type":"if","locations":[{"start":{"line":59,"column":4},"end":{"line":66,"column":5}},{"start":{},"end":{}}],"line":59},"2":{"loc":{"start":{"line":59,"column":8},"end":{"line":59,"column":47}},"type":"binary-expr","locations":[{"start":{"line":59,"column":8},"end":{"line":59,"column":13}},{"start":{"line":59,"column":17},"end":{"line":59,"column":47}}],"line":59}},"s":{"0":0,"1":0,"2":0,"3":0,"4":0,"5":0,"6":0,"7":0,"8":0,"9":0,"10":0,"11":0,"12":0,"13":0,"14":0,"15":0,"16":0,"17":0,"18":0,"19":0,"20":0,"21":0,"22":0,"23":0,"24":0,"25":0},"f":{"0":0,"1":0},"b":{"0":[0,0],"1":[0,0],"2":[0,0]},"inputSourceMap":null}
,"C:\\Users\\lucle\\Desktop\\Projets\\Novapsy\\test\\backend-stripe\\emails\\newsletterEmails.js": {"path":"C:\\Users\\lucle\\Desktop\\Projets\\Novapsy\\test\\backend-stripe\\emails\\newsletterEmails.js","statementMap":{"0":{"start":{"line":1,"column":22},"end":{"line":1,"column":44}},"1":{"start":{"line":2,"column":21},"end":{"line":2,"column":50}},"2":{"start":{"line":3,"column":29},"end":{"line":3,"column":56}},"3":{"start":{"line":12,"column":2},"end":{"line":12,"column":69}},"4":{"start":{"line":14,"column":2},"end":{"line":19,"column":3}},"5":{"start":{"line":15,"column":4},"end":{"line":18,"column":6}},"6":{"start":{"line":21,"column":2},"end":{"line":26,"column":3}},"7":{"start":{"line":22,"column":4},"end":{"line":25,"column":6}},"8":{"start":{"line":28,"column":2},"end":{"line":123,"column":3}},"9":{"start":{"line":30,"column":59},"end":{"line":34,"column":8}},"10":{"start":{"line":36,"column":4},"end":{"line":47,"column":5}},"11":{"start":{"line":37,"column":6},"end":{"line":41,"column":9}},"12":{"start":{"line":42,"column":6},"end":{"line":46,"column":8}},"13":{"start":{"line":49,"column":4},"end":{"line":55,"column":5}},"14":{"start":{"line":50,"column":6},"end":{"line":50,"column":65}},"15":{"start":{"line":51,"column":6},"end":{"line":54,"column":8}},"16":{"start":{"line":58,"column":30},"end":{"line":60,"column":22}},"17":{"start":{"line":59,"column":27},"end":{"line":59,"column":55}},"18":{"start":{"line":62,"column":4},"end":{"line":65,"column":7}},"19":{"start":{"line":67,"column":20},"end":{"line":67,"column":21}},"20":{"start":{"line":68,"column":21},"end":{"line":68,"column":22}},"21":{"start":{"line":69,"column":19},"end":{"line":69,"column":21}},"22":{"start":{"line":72,"column":4},"end":{"line":92,"column":5}},"23":{"start":{"line":73,"column":6},"end":{"line":91,"column":7}},"24":{"start":{"line":74,"column":24},"end":{"line":74,"column":61}},"25":{"start":{"line":75,"column":8},"end":{"line":80,"column":9}},"26":{"start":{"line":76,"column":10},"end":{"line":76,"column":22}},"27":{"start":{"line":78,"column":10},"end":{"line":78,"column":23}},"28":{"start":{"line":79,"column":10},"end":{"line":79,"column":55}},"29":{"start":{"line":83,"column":8},"end":{"line":83,"column":65}},"30":{"start":{"line":83,"column":39},"end":{"line":83,"column":63}},"31":{"start":{"line":85,"column":8},"end":{"line":85,"column":21}},"32":{"start":{"line":86,"column":8},"end":{"line":86,"column":53}},"33":{"start":{"line":87,"column":8},"end":{"line":90,"column":11}},"34":{"start":{"line":94,"column":4},"end":{"line":99,"column":7}},"35":{"start":{"line":101,"column":4},"end":{"line":111,"column":6}},"36":{"start":{"line":113,"column":4},"end":{"line":116,"column":7}},"37":{"start":{"line":118,"column":4},"end":{"line":122,"column":6}},"38":{"start":{"line":131,"column":2},"end":{"line":172,"column":3}},"39":{"start":{"line":132,"column":41},"end":{"line":141,"column":55}},"40":{"start":{"line":143,"column":4},"end":{"line":149,"column":5}},"41":{"start":{"line":144,"column":6},"end":{"line":144,"column":70}},"42":{"start":{"line":145,"column":6},"end":{"line":148,"column":8}},"43":{"start":{"line":151,"column":29},"end":{"line":159,"column":9}},"44":{"start":{"line":152,"column":23},"end":{"line":152,"column":32}},"45":{"start":{"line":153,"column":21},"end":{"line":159,"column":7}},"46":{"start":{"line":161,"column":4},"end":{"line":165,"column":6}},"47":{"start":{"line":167,"column":4},"end":{"line":167,"column":71}},"48":{"start":{"line":168,"column":4},"end":{"line":171,"column":6}},"49":{"start":{"line":175,"column":0},"end":{"line":178,"column":2}}},"fnMap":{"0":{"name":"sendNewsletter","decl":{"start":{"line":11,"column":15},"end":{"line":11,"column":29}},"loc":{"start":{"line":11,"column":45},"end":{"line":124,"column":1}},"line":11},"1":{"name":"(anonymous_1)","decl":{"start":{"line":59,"column":11},"end":{"line":59,"column":12}},"loc":{"start":{"line":59,"column":27},"end":{"line":59,"column":55}},"line":59},"2":{"name":"(anonymous_2)","decl":{"start":{"line":83,"column":26},"end":{"line":83,"column":27}},"loc":{"start":{"line":83,"column":39},"end":{"line":83,"column":63}},"line":83},"3":{"name":"getNewsletterSubscribers","decl":{"start":{"line":130,"column":15},"end":{"line":130,"column":39}},"loc":{"start":{"line":130,"column":42},"end":{"line":173,"column":1}},"line":130},"4":{"name":"(anonymous_4)","decl":{"start":{"line":152,"column":14},"end":{"line":152,"column":15}},"loc":{"start":{"line":152,"column":23},"end":{"line":152,"column":32}},"line":152},"5":{"name":"(anonymous_5)","decl":{"start":{"line":153,"column":11},"end":{"line":153,"column":12}},"loc":{"start":{"line":153,"column":21},"end":{"line":159,"column":7}},"line":153}},"branchMap":{"0":{"loc":{"start":{"line":14,"column":2},"end":{"line":19,"column":3}},"type":"if","locations":[{"start":{"line":14,"column":2},"end":{"line":19,"column":3}},{"start":{},"end":{}}],"line":14},"1":{"loc":{"start":{"line":21,"column":2},"end":{"line":26,"column":3}},"type":"if","locations":[{"start":{"line":21,"column":2},"end":{"line":26,"column":3}},{"start":{},"end":{}}],"line":21},"2":{"loc":{"start":{"line":36,"column":4},"end":{"line":47,"column":5}},"type":"if","locations":[{"start":{"line":36,"column":4},"end":{"line":47,"column":5}},{"start":{},"end":{}}],"line":36},"3":{"loc":{"start":{"line":49,"column":4},"end":{"line":55,"column":5}},"type":"if","locations":[{"start":{"line":49,"column":4},"end":{"line":55,"column":5}},{"start":{},"end":{}}],"line":49},"4":{"loc":{"start":{"line":49,"column":8},"end":{"line":49,"column":48}},"type":"binary-expr","locations":[{"start":{"line":49,"column":8},"end":{"line":49,"column":20}},{"start":{"line":49,"column":24},"end":{"line":49,"column":48}}],"line":49},"5":{"loc":{"start":{"line":75,"column":8},"end":{"line":80,"column":9}},"type":"if","locations":[{"start":{"line":75,"column":8},"end":{"line":80,"column":9}},{"start":{"line":77,"column":15},"end":{"line":80,"column":9}}],"line":75},"6":{"loc":{"start":{"line":143,"column":4},"end":{"line":149,"column":5}},"type":"if","locations":[{"start":{"line":143,"column":4},"end":{"line":149,"column":5}},{"start":{},"end":{}}],"line":143}},"s":{"0":0,"1":0,"2":0,"3":0,"4":0,"5":0,"6":0,"7":0,"8":0,"9":0,"10":0,"11":0,"12":0,"13":0,"14":0,"15":0,"16":0,"17":0,"18":0,"19":0,"20":0,"21":0,"22":0,"23":0,"24":0,"25":0,"26":0,"27":0,"28":0,"29":0,"30":0,"31":0,"32":0,"33":0,"34":0,"35":0,"36":0,"37":0,"38":0,"39":0,"40":0,"41":0,"42":0,"43":0,"44":0,"45":0,"46":0,"47":0,"48":0,"49":0},"f":{"0":0,"1":0,"2":0,"3":0,"4":0,"5":0},"b":{"0":[0,0],"1":[0,0],"2":[0,0],"3":[0,0],"4":[0,0],"5":[0,0],"6":[0,0]},"inputSourceMap":null}
,"C:\\Users\\lucle\\Desktop\\Projets\\Novapsy\\test\\backend-stripe\\emails\\preventionEmails.js": {"path":"C:\\Users\\lucle\\Desktop\\Projets\\Novapsy\\test\\backend-stripe\\emails\\preventionEmails.js","statementMap":{"0":{"start":{"line":1,"column":31},"end":{"line":1,"column":53}},"1":{"start":{"line":2,"column":47},"end":{"line":2,"column":74}},"2":{"start":{"line":3,"column":38},"end":{"line":3,"column":66}},"3":{"start":{"line":4,"column":26},"end":{"line":4,"column":52}},"4":{"start":{"line":5,"column":29},"end":{"line":5,"column":56}},"5":{"start":{"line":15,"column":2},"end":{"line":15,"column":75}},"6":{"start":{"line":29,"column":6},"end":{"line":29,"column":23}},"7":{"start":{"line":31,"column":2},"end":{"line":41,"column":5}},"8":{"start":{"line":44,"column":21},"end":{"line":44,"column":65}},"9":{"start":{"line":46,"column":2},"end":{"line":57,"column":3}},"10":{"start":{"line":47,"column":4},"end":{"line":51,"column":6}},"11":{"start":{"line":52,"column":4},"end":{"line":56,"column":6}},"12":{"start":{"line":59,"column":2},"end":{"line":155,"column":3}},"13":{"start":{"line":61,"column":22},"end":{"line":75,"column":5}},"14":{"start":{"line":79,"column":6},"end":{"line":79,"column":66}},"15":{"start":{"line":82,"column":22},"end":{"line":82,"column":67}},"16":{"start":{"line":84,"column":4},"end":{"line":87,"column":6}},"17":{"start":{"line":90,"column":24},"end":{"line":101,"column":5}},"18":{"start":{"line":103,"column":4},"end":{"line":141,"column":5}},"19":{"start":{"line":104,"column":6},"end":{"line":108,"column":9}},"20":{"start":{"line":111,"column":6},"end":{"line":118,"column":8}},"21":{"start":{"line":121,"column":6},"end":{"line":129,"column":8}},"22":{"start":{"line":131,"column":6},"end":{"line":140,"column":8}},"23":{"start":{"line":143,"column":4},"end":{"line":147,"column":7}},"24":{"start":{"line":149,"column":4},"end":{"line":154,"column":6}},"25":{"start":{"line":164,"column":2},"end":{"line":164,"column":71}},"26":{"start":{"line":167,"column":2},"end":{"line":198,"column":3}},"27":{"start":{"line":169,"column":6},"end":{"line":174,"column":8}},"28":{"start":{"line":175,"column":6},"end":{"line":175,"column":12}},"29":{"start":{"line":177,"column":6},"end":{"line":182,"column":8}},"30":{"start":{"line":183,"column":6},"end":{"line":183,"column":12}},"31":{"start":{"line":185,"column":6},"end":{"line":190,"column":8}},"32":{"start":{"line":191,"column":6},"end":{"line":191,"column":12}},"33":{"start":{"line":193,"column":6},"end":{"line":197,"column":8}},"34":{"start":{"line":200,"column":26},"end":{"line":212,"column":3}},"35":{"start":{"line":214,"column":18},"end":{"line":214,"column":76}},"36":{"start":{"line":216,"column":2},"end":{"line":253,"column":3}},"37":{"start":{"line":217,"column":19},"end":{"line":221,"column":5}},"38":{"start":{"line":223,"column":4},"end":{"line":245,"column":5}},"39":{"start":{"line":224,"column":6},"end":{"line":224,"column":79}},"40":{"start":{"line":225,"column":6},"end":{"line":233,"column":8}},"41":{"start":{"line":235,"column":6},"end":{"line":239,"column":8}},"42":{"start":{"line":240,"column":6},"end":{"line":244,"column":8}},"43":{"start":{"line":247,"column":4},"end":{"line":247,"column":77}},"44":{"start":{"line":248,"column":4},"end":{"line":252,"column":6}},"45":{"start":{"line":256,"column":0},"end":{"line":259,"column":2}}},"fnMap":{"0":{"name":"sendPreventionRequest","decl":{"start":{"line":14,"column":15},"end":{"line":14,"column":36}},"loc":{"start":{"line":14,"column":77},"end":{"line":156,"column":1}},"line":14},"1":{"name":"testPreventionRequest","decl":{"start":{"line":163,"column":15},"end":{"line":163,"column":36}},"loc":{"start":{"line":163,"column":56},"end":{"line":254,"column":1}},"line":163}},"branchMap":{"0":{"loc":{"start":{"line":14,"column":50},"end":{"line":14,"column":59}},"type":"default-arg","locations":[{"start":{"line":14,"column":55},"end":{"line":14,"column":59}}],"line":14},"1":{"loc":{"start":{"line":14,"column":61},"end":{"line":14,"column":75}},"type":"default-arg","locations":[{"start":{"line":14,"column":71},"end":{"line":14,"column":75}}],"line":14},"2":{"loc":{"start":{"line":29,"column":6},"end":{"line":29,"column":23}},"type":"binary-expr","locations":[{"start":{"line":29,"column":6},"end":{"line":29,"column":17}},{"start":{"line":29,"column":21},"end":{"line":29,"column":23}}],"line":29},"3":{"loc":{"start":{"line":32,"column":14},"end":{"line":32,"column":46}},"type":"binary-expr","locations":[{"start":{"line":32,"column":14},"end":{"line":32,"column":27}},{"start":{"line":32,"column":31},"end":{"line":32,"column":46}}],"line":32},"4":{"loc":{"start":{"line":33,"column":11},"end":{"line":33,"column":36}},"type":"binary-expr","locations":[{"start":{"line":33,"column":11},"end":{"line":33,"column":16}},{"start":{"line":33,"column":20},"end":{"line":33,"column":36}}],"line":33},"5":{"loc":{"start":{"line":34,"column":10},"end":{"line":34,"column":32}},"type":"binary-expr","locations":[{"start":{"line":34,"column":10},"end":{"line":34,"column":14}},{"start":{"line":34,"column":18},"end":{"line":34,"column":32}}],"line":34},"6":{"loc":{"start":{"line":35,"column":20},"end":{"line":35,"column":52}},"type":"binary-expr","locations":[{"start":{"line":35,"column":20},"end":{"line":35,"column":34}},{"start":{"line":35,"column":38},"end":{"line":35,"column":52}}],"line":35},"7":{"loc":{"start":{"line":39,"column":12},"end":{"line":39,"column":31}},"type":"binary-expr","locations":[{"start":{"line":39,"column":12},"end":{"line":39,"column":18}},{"start":{"line":39,"column":22},"end":{"line":39,"column":31}}],"line":39},"8":{"loc":{"start":{"line":40,"column":15},"end":{"line":40,"column":40}},"type":"binary-expr","locations":[{"start":{"line":40,"column":15},"end":{"line":40,"column":24}},{"start":{"line":40,"column":28},"end":{"line":40,"column":40}}],"line":40},"9":{"loc":{"start":{"line":44,"column":47},"end":{"line":44,"column":64}},"type":"binary-expr","locations":[{"start":{"line":44,"column":47},"end":{"line":44,"column":58}},{"start":{"line":44,"column":62},"end":{"line":44,"column":64}}],"line":44},"10":{"loc":{"start":{"line":46,"column":2},"end":{"line":57,"column":3}},"type":"if","locations":[{"start":{"line":46,"column":2},"end":{"line":57,"column":3}},{"start":{},"end":{}}],"line":46},"11":{"loc":{"start":{"line":66,"column":29},"end":{"line":68,"column":14}},"type":"cond-expr","locations":[{"start":{"line":67,"column":10},"end":{"line":67,"column":38}},{"start":{"line":68,"column":10},"end":{"line":68,"column":14}}],"line":66},"12":{"loc":{"start":{"line":69,"column":22},"end":{"line":69,"column":67}},"type":"cond-expr","locations":[{"start":{"line":69,"column":39},"end":{"line":69,"column":60}},{"start":{"line":69,"column":63},"end":{"line":69,"column":67}}],"line":69},"13":{"loc":{"start":{"line":70,"column":15},"end":{"line":70,"column":46}},"type":"cond-expr","locations":[{"start":{"line":70,"column":25},"end":{"line":70,"column":39}},{"start":{"line":70,"column":42},"end":{"line":70,"column":46}}],"line":70},"14":{"loc":{"start":{"line":72,"column":17},"end":{"line":72,"column":54}},"type":"binary-expr","locations":[{"start":{"line":72,"column":17},"end":{"line":72,"column":26}},{"start":{"line":72,"column":30},"end":{"line":72,"column":54}}],"line":72},"15":{"loc":{"start":{"line":73,"column":14},"end":{"line":73,"column":44}},"type":"binary-expr","locations":[{"start":{"line":73,"column":14},"end":{"line":73,"column":20}},{"start":{"line":73,"column":24},"end":{"line":73,"column":44}}],"line":73},"16":{"loc":{"start":{"line":74,"column":17},"end":{"line":74,"column":34}},"type":"binary-expr","locations":[{"start":{"line":74,"column":17},"end":{"line":74,"column":26}},{"start":{"line":74,"column":30},"end":{"line":74,"column":34}}],"line":74},"17":{"loc":{"start":{"line":79,"column":6},"end":{"line":79,"column":66}},"type":"binary-expr","locations":[{"start":{"line":79,"column":6},"end":{"line":79,"column":13}},{"start":{"line":79,"column":17},"end":{"line":79,"column":66}}],"line":79},"18":{"loc":{"start":{"line":91,"column":6},"end":{"line":91,"column":25}},"type":"binary-expr","locations":[{"start":{"line":91,"column":6},"end":{"line":91,"column":8}},{"start":{"line":91,"column":12},"end":{"line":91,"column":25}}],"line":91},"19":{"loc":{"start":{"line":103,"column":4},"end":{"line":141,"column":5}},"type":"if","locations":[{"start":{"line":103,"column":4},"end":{"line":141,"column":5}},{"start":{"line":119,"column":11},"end":{"line":141,"column":5}}],"line":103},"20":{"loc":{"start":{"line":144,"column":16},"end":{"line":144,"column":42}},"type":"binary-expr","locations":[{"start":{"line":144,"column":16},"end":{"line":144,"column":29}},{"start":{"line":144,"column":33},"end":{"line":144,"column":42}}],"line":144},"21":{"loc":{"start":{"line":163,"column":37},"end":{"line":163,"column":54}},"type":"default-arg","locations":[{"start":{"line":163,"column":45},"end":{"line":163,"column":54}}],"line":163},"22":{"loc":{"start":{"line":167,"column":2},"end":{"line":198,"column":3}},"type":"switch","locations":[{"start":{"line":168,"column":4},"end":{"line":175,"column":12}},{"start":{"line":176,"column":4},"end":{"line":183,"column":12}},{"start":{"line":184,"column":4},"end":{"line":191,"column":12}},{"start":{"line":192,"column":4},"end":{"line":197,"column":8}}],"line":167},"23":{"loc":{"start":{"line":223,"column":4},"end":{"line":245,"column":5}},"type":"if","locations":[{"start":{"line":223,"column":4},"end":{"line":245,"column":5}},{"start":{"line":234,"column":11},"end":{"line":245,"column":5}}],"line":223}},"s":{"0":0,"1":0,"2":0,"3":0,"4":0,"5":0,"6":0,"7":0,"8":0,"9":0,"10":0,"11":0,"12":0,"13":0,"14":0,"15":0,"16":0,"17":0,"18":0,"19":0,"20":0,"21":0,"22":0,"23":0,"24":0,"25":0,"26":0,"27":0,"28":0,"29":0,"30":0,"31":0,"32":0,"33":0,"34":0,"35":0,"36":0,"37":0,"38":0,"39":0,"40":0,"41":0,"42":0,"43":0,"44":0,"45":0},"f":{"0":0,"1":0},"b":{"0":[0],"1":[0],"2":[0,0],"3":[0,0],"4":[0,0],"5":[0,0],"6":[0,0],"7":[0,0],"8":[0,0],"9":[0,0],"10":[0,0],"11":[0,0],"12":[0,0],"13":[0,0],"14":[0,0],"15":[0,0],"16":[0,0],"17":[0,0],"18":[0,0],"19":[0,0],"20":[0,0],"21":[0],"22":[0,0,0,0],"23":[0,0]},"inputSourceMap":null}
,"C:\\Users\\lucle\\Desktop\\Projets\\Novapsy\\test\\backend-stripe\\emails\\trainingEmails.js": {"path":"C:\\Users\\lucle\\Desktop\\Projets\\Novapsy\\test\\backend-stripe\\emails\\trainingEmails.js","statementMap":{"0":{"start":{"line":1,"column":22},"end":{"line":1,"column":44}},"1":{"start":{"line":4,"column":4},"end":{"line":4,"column":31}},"2":{"start":{"line":5,"column":26},"end":{"line":5,"column":56}},"3":{"start":{"line":6,"column":29},"end":{"line":6,"column":56}},"4":{"start":{"line":20,"column":2},"end":{"line":44,"column":3}},"5":{"start":{"line":21,"column":22},"end":{"line":21,"column":49}},"6":{"start":{"line":22,"column":4},"end":{"line":29,"column":5}},"7":{"start":{"line":23,"column":6},"end":{"line":27,"column":8}},"8":{"start":{"line":28,"column":6},"end":{"line":28,"column":19}},"9":{"start":{"line":31,"column":20},"end":{"line":31,"column":78}},"10":{"start":{"line":32,"column":17},"end":{"line":35,"column":5}},"11":{"start":{"line":37,"column":4},"end":{"line":37,"column":53}},"12":{"start":{"line":39,"column":4},"end":{"line":42,"column":7}},"13":{"start":{"line":43,"column":4},"end":{"line":43,"column":17}},"14":{"start":{"line":47,"column":0},"end":{"line":49,"column":2}}},"fnMap":{"0":{"name":"sendTrainingPurchaseConfirmationEmail","decl":{"start":{"line":15,"column":15},"end":{"line":15,"column":52}},"loc":{"start":{"line":19,"column":2},"end":{"line":45,"column":1}},"line":19}},"branchMap":{"0":{"loc":{"start":{"line":22,"column":4},"end":{"line":29,"column":5}},"type":"if","locations":[{"start":{"line":22,"column":4},"end":{"line":29,"column":5}},{"start":{},"end":{}}],"line":22}},"s":{"0":0,"1":0,"2":0,"3":0,"4":0,"5":0,"6":0,"7":0,"8":0,"9":0,"10":0,"11":0,"12":0,"13":0,"14":0},"f":{"0":0},"b":{"0":[0,0]},"inputSourceMap":null}
,"C:\\Users\\lucle\\Desktop\\Projets\\Novapsy\\test\\backend-stripe\\health\\healthRoutes.js": {"path":"C:\\Users\\lucle\\Desktop\\Projets\\Novapsy\\test\\backend-stripe\\health\\healthRoutes.js","statementMap":{"0":{"start":{"line":4,"column":16},"end":{"line":4,"column":34}},"1":{"start":{"line":5,"column":28},"end":{"line":5,"column":54}},"2":{"start":{"line":6,"column":29},"end":{"line":6,"column":56}},"3":{"start":{"line":8,"column":15},"end":{"line":8,"column":31}},"4":{"start":{"line":16,"column":0},"end":{"line":52,"column":3}},"5":{"start":{"line":17,"column":2},"end":{"line":51,"column":3}},"6":{"start":{"line":19,"column":29},"end":{"line":19,"column":60}},"7":{"start":{"line":21,"column":4},"end":{"line":23,"column":5}},"8":{"start":{"line":22,"column":6},"end":{"line":22,"column":77}},"9":{"start":{"line":26,"column":23},"end":{"line":26,"column":62}},"10":{"start":{"line":30,"column":6},"end":{"line":34,"column":15}},"11":{"start":{"line":36,"column":4},"end":{"line":36,"column":44}},"12":{"start":{"line":38,"column":4},"end":{"line":41,"column":7}},"13":{"start":{"line":44,"column":4},"end":{"line":50,"column":7}},"14":{"start":{"line":54,"column":0},"end":{"line":54,"column":24}}},"fnMap":{"0":{"name":"(anonymous_0)","decl":{"start":{"line":16,"column":22},"end":{"line":16,"column":23}},"loc":{"start":{"line":16,"column":42},"end":{"line":52,"column":1}},"line":16}},"branchMap":{"0":{"loc":{"start":{"line":21,"column":4},"end":{"line":23,"column":5}},"type":"if","locations":[{"start":{"line":21,"column":4},"end":{"line":23,"column":5}},{"start":{},"end":{}}],"line":21},"1":{"loc":{"start":{"line":30,"column":6},"end":{"line":34,"column":15}},"type":"cond-expr","locations":[{"start":{"line":31,"column":10},"end":{"line":31,"column":13}},{"start":{"line":32,"column":10},"end":{"line":34,"column":15}}],"line":30},"2":{"loc":{"start":{"line":32,"column":10},"end":{"line":34,"column":15}},"type":"cond-expr","locations":[{"start":{"line":33,"column":12},"end":{"line":33,"column":15}},{"start":{"line":34,"column":12},"end":{"line":34,"column":15}}],"line":32}},"s":{"0":0,"1":0,"2":0,"3":0,"4":0,"5":0,"6":0,"7":0,"8":0,"9":0,"10":0,"11":0,"12":0,"13":0,"14":0},"f":{"0":0},"b":{"0":[0,0],"1":[0,0],"2":[0,0]},"inputSourceMap":null}
,"C:\\Users\\lucle\\Desktop\\Projets\\Novapsy\\test\\backend-stripe\\health\\healthService.js": {"path":"C:\\Users\\lucle\\Desktop\\Projets\\Novapsy\\test\\backend-stripe\\health\\healthService.js","statementMap":{"0":{"start":{"line":4,"column":21},"end":{"line":4,"column":50}},"1":{"start":{"line":5,"column":19},"end":{"line":5,"column":46}},"2":{"start":{"line":6,"column":26},"end":{"line":6,"column":52}},"3":{"start":{"line":7,"column":31},"end":{"line":7,"column":51}},"4":{"start":{"line":8,"column":29},"end":{"line":8,"column":56}},"5":{"start":{"line":14,"column":20},"end":{"line":14,"column":30}},"6":{"start":{"line":16,"column":2},"end":{"line":46,"column":3}},"7":{"start":{"line":17,"column":28},"end":{"line":20,"column":15}},"8":{"start":{"line":22,"column":25},"end":{"line":22,"column":47}},"9":{"start":{"line":24,"column":4},"end":{"line":31,"column":5}},"10":{"start":{"line":25,"column":6},"end":{"line":30,"column":8}},"11":{"start":{"line":33,"column":4},"end":{"line":38,"column":6}},"12":{"start":{"line":40,"column":4},"end":{"line":45,"column":6}},"13":{"start":{"line":53,"column":20},"end":{"line":53,"column":30}},"14":{"start":{"line":55,"column":2},"end":{"line":74,"column":3}},"15":{"start":{"line":57,"column":4},"end":{"line":57,"column":37}},"16":{"start":{"line":59,"column":25},"end":{"line":59,"column":47}},"17":{"start":{"line":61,"column":4},"end":{"line":66,"column":6}},"18":{"start":{"line":68,"column":4},"end":{"line":73,"column":6}},"19":{"start":{"line":81,"column":20},"end":{"line":81,"column":30}},"20":{"start":{"line":83,"column":2},"end":{"line":125,"column":3}},"21":{"start":{"line":84,"column":21},"end":{"line":92,"column":5}},"22":{"start":{"line":94,"column":19},"end":{"line":98,"column":5}},"23":{"start":{"line":100,"column":25},"end":{"line":100,"column":47}},"24":{"start":{"line":102,"column":4},"end":{"line":117,"column":5}},"25":{"start":{"line":103,"column":6},"end":{"line":109,"column":8}},"26":{"start":{"line":111,"column":6},"end":{"line":116,"column":8}},"27":{"start":{"line":119,"column":4},"end":{"line":124,"column":6}},"28":{"start":{"line":132,"column":19},"end":{"line":132,"column":40}},"29":{"start":{"line":134,"column":2},"end":{"line":147,"column":4}},"30":{"start":{"line":154,"column":15},"end":{"line":154,"column":42}},"31":{"start":{"line":155,"column":16},"end":{"line":155,"column":52}},"32":{"start":{"line":156,"column":18},"end":{"line":156,"column":51}},"33":{"start":{"line":157,"column":15},"end":{"line":157,"column":39}},"34":{"start":{"line":159,"column":2},"end":{"line":167,"column":3}},"35":{"start":{"line":160,"column":4},"end":{"line":160,"column":53}},"36":{"start":{"line":161,"column":9},"end":{"line":167,"column":3}},"37":{"start":{"line":162,"column":4},"end":{"line":162,"column":44}},"38":{"start":{"line":163,"column":9},"end":{"line":167,"column":3}},"39":{"start":{"line":164,"column":4},"end":{"line":164,"column":34}},"40":{"start":{"line":166,"column":4},"end":{"line":166,"column":22}},"41":{"start":{"line":174,"column":2},"end":{"line":174,"column":61}},"42":{"start":{"line":176,"column":20},"end":{"line":176,"column":30}},"43":{"start":{"line":179,"column":23},"end":{"line":190,"column":3}},"44":{"start":{"line":193,"column":31},"end":{"line":196,"column":3}},"45":{"start":{"line":199,"column":2},"end":{"line":201,"column":3}},"46":{"start":{"line":200,"column":4},"end":{"line":200,"column":47}},"47":{"start":{"line":204,"column":4},"end":{"line":204,"column":43}},"48":{"start":{"line":207,"column":24},"end":{"line":207,"column":42}},"49":{"start":{"line":210,"column":20},"end":{"line":210,"column":48}},"50":{"start":{"line":211,"column":2},"end":{"line":211,"column":45}},"51":{"start":{"line":211,"column":18},"end":{"line":211,"column":45}},"52":{"start":{"line":213,"column":23},"end":{"line":213,"column":78}},"53":{"start":{"line":213,"column":49},"end":{"line":213,"column":77}},"54":{"start":{"line":214,"column":23},"end":{"line":214,"column":60}},"55":{"start":{"line":216,"column":28},"end":{"line":216,"column":50}},"56":{"start":{"line":218,"column":17},"end":{"line":268,"column":3}},"57":{"start":{"li
[...]
,"C:\\Users\\lucle\\Desktop\\Projets\\Novapsy\\test\\backend-stripe\\trainings\\index.js": {"path":"C:\\Users\\lucle\\Desktop\\Projets\\Novapsy\\test\\backend-stripe\\trainings\\index.js","statementMap":{"0":{"start":{"line":11,"column":4},"end":{"line":11,"column":32}},"1":{"start":{"line":14,"column":23},"end":{"line":14,"column":50}},"2":{"start":{"line":16,"column":0},"end":{"line":24,"column":2}}},"fnMap":{},"branchMap":{},"s":{"0":0,"1":0,"2":0},"f":{},"b":{},"inputSourceMap":null}
,"C:\\Users\\lucle\\Desktop\\Projets\\Novapsy\\test\\backend-stripe\\trainings\\trainingRoutes.js": {"path":"C:\\Users\\lucle\\Desktop\\Projets\\Novapsy\\test\\backend-stripe\\trainings\\trainingRoutes.js","statementMap":{"0":{"start":{"line":1,"column":16},"end":{"line":1,"column":34}},"1":{"start":{"line":2,"column":19},"end":{"line":2,"column":46}},"2":{"start":{"line":3,"column":25},"end":{"line":3,"column":55}},"3":{"start":{"line":4,"column":29},"end":{"line":4,"column":56}},"4":{"start":{"line":5,"column":26},"end":{"line":5,"column":56}},"5":{"start":{"line":9,"column":4},"end":{"line":9,"column":32}},"6":{"start":{"line":10,"column":32},"end":{"line":10,"column":75}},"7":{"start":{"line":15,"column":4},"end":{"line":15,"column":32}},"8":{"start":{"line":17,"column":15},"end":{"line":17,"column":31}},"9":{"start":{"line":24,"column":0},"end":{"line":142,"column":3}},"10":{"start":{"line":25,"column":42},"end":{"line":25,"column":50}},"11":{"start":{"line":27,"column":2},"end":{"line":27,"column":65}},"12":{"start":{"line":28,"column":2},"end":{"line":28,"column":78}},"13":{"start":{"line":31,"column":2},"end":{"line":31,"column":75}},"14":{"start":{"line":31,"column":16},"end":{"line":31,"column":75}},"15":{"start":{"line":32,"column":2},"end":{"line":32,"column":73}},"16":{"start":{"line":32,"column":15},"end":{"line":32,"column":73}},"17":{"start":{"line":33,"column":2},"end":{"line":34,"column":66}},"18":{"start":{"line":34,"column":4},"end":{"line":34,"column":66}},"19":{"start":{"line":36,"column":2},"end":{"line":141,"column":3}},"20":{"start":{"line":37,"column":28},"end":{"line":37,"column":55}},"21":{"start":{"line":38,"column":4},"end":{"line":38,"column":79}},"22":{"start":{"line":40,"column":4},"end":{"line":42,"column":5}},"23":{"start":{"line":41,"column":6},"end":{"line":41,"column":70}},"24":{"start":{"line":44,"column":21},"end":{"line":44,"column":54}},"25":{"start":{"line":45,"column":4},"end":{"line":48,"column":7}},"26":{"start":{"line":50,"column":23},"end":{"line":50,"column":74}},"27":{"start":{"line":51,"column":4},"end":{"line":56,"column":7}},"28":{"start":{"line":59,"column":22},"end":{"line":59,"column":49}},"29":{"start":{"line":61,"column":26},"end":{"line":108,"column":5}},"30":{"start":{"line":111,"column":4},"end":{"line":113,"column":5}},"31":{"start":{"line":112,"column":6},"end":{"line":112,"column":47}},"32":{"start":{"line":115,"column":20},"end":{"line":115,"column":72}},"33":{"start":{"line":117,"column":4},"end":{"line":125,"column":7}},"34":{"start":{"line":127,"column":4},"end":{"line":137,"column":7}},"35":{"start":{"line":139,"column":4},"end":{"line":139,"column":79}},"36":{"start":{"line":140,"column":4},"end":{"line":140,"column":49}},"37":{"start":{"line":148,"column":0},"end":{"line":167,"column":3}},"38":{"start":{"line":149,"column":33},"end":{"line":149,"column":43}},"39":{"start":{"line":151,"column":2},"end":{"line":154,"column":5}},"40":{"start":{"line":156,"column":2},"end":{"line":166,"column":3}},"41":{"start":{"line":157,"column":19},"end":{"line":157,"column":66}},"42":{"start":{"line":158,"column":4},"end":{"line":158,"column":21}},"43":{"start":{"line":160,"column":4},"end":{"line":164,"column":7}},"44":{"start":{"line":165,"column":4},"end":{"line":165,"column":51}},"45":{"start":{"line":173,"column":0},"end":{"line":211,"column":3}},"46":{"start":{"line":174,"column":24},"end":{"line":174,"column":32}},"47":{"start":{"line":176,"column":2},"end":{"line":176,"column":66}},"48":{"start":{"line":177,"column":2},"end":{"line":177,"column":57}},"49":{"start":{"line":179,"column":2},"end":{"line":181,"column":3}},"50":{"start":{"line":180,"column":4},"end":{"line":180,"column":65}},"51":{"start":{"line":183,"column":2},"end":{"line":210,"column":3}},"52":{"start":{"line":184,"column":20},"end":{"line":184,"column":70}},"53":{"start":{"line":186,"column":4},"end":{"line":190,"column":7}},"54":{"start":{"line":192,"column":4},"end":{"line":203,"column":5}},"55":{"start":{"line":193,"column":6},"end":{"line":193,"column":62}},"56":{"start":{"line":194,"column":6},"end":{"line":198,"column":8}},"57":{"start":{"line":199,"column":6},"end":{"line":199,"column":76}},"58":{"start":{"line":201,"column":6},"end":{"line":201,"column":80}},"59":{"start":{"line":202,"column":6},"end":{"line":202,"column":63}},"60":{"start":{"line":205,"column":4},"end":{"line":208,"column":7}},"61":{"start":{"line":209,"column":4},"end":{"line":209,"column":51}},"62":{"start":{"line":217,"column":0},"end":{"line":246,"column":3}},"63":{"start":{"line":218,"column":30},"end":{"line":218,"column":40}},"64":{"start":{"line":220,"column":2},"end":{"line":223,"column":5}},"65":{"start":{"line":225,"column":2},"end":{"line":245,"column":3}},"66":{"start":{"line":226,"column":19},"end":{"line":231,"column":5}},"67":{"start":{"line":233,"column":4},"end":{"line":233,"column":21}},"68":{"start":{"line":235,"column":4},"end":{"line":237,"column":5}},"69":{"start":{"line":236,"column":6},"end":{"line":236,"column":70}},"70":{"start":{"line":239,"column":4},"end":{"line":243,"column":7}},"71":{"start":{"line":244,"column":4},"end":{"line":244,"column":51}},"72":{"start":{"line":248,"column":0},"end":{"line":248,"column":24}}},"fnMap":{"0":{"name":"(anonymous_0)","decl":{"start":{"line":24,"column":41},"end":{"line":24,"column":42}},"loc":{"start":{"line":24,"column":61},"end":{"line":142,"column":1}},"line":24},"1":{"name":"(anonymous_1)","decl":{"start":{"line":148,"column":59},"end":{"line":148,"column":60}},"loc":{"start":{"line":148,"column":79},"end":{"line":167,"column":1}},"line":148},"2":{"name":"(anonymous_2)","decl":{"start":{"line":173,"column":42},"end":{"line":173,"column":43}},"loc":{"start":{"line":173,"column":62},"end":{"line":211,"column":1}},"line":173},"3":{"name":"(anonymous_3)","decl":{"start":{"line":217,"column":49},"end":{"line":217,"column":50}},"loc":{"start":{"line":217,"column":69},"end":{"line":246,"column":1}},"line":217}},"branchMap":{"0":{"loc":{"start":{"line":31,"column":2},"end":{"line":31,"column":75}},"type":"if","locations":[{"start":{"line":31,"column":2},"end":{"line":31,"column":75}},{"start":{},"end":{}}],"line":31},"1":{"loc":{"start":{"line":32,"column":2},"end":{"line":32,"column":73}},"type":"if","locations":[{"start":{"line":32,"column":2},"end":{"line":32,"column":73}},{"start":{},"end":{}}],"line":32},"2":{"loc":{"start":{"line":33,"column":2},"end":{"line":34,"column":66}},"type":"if","locations":[{"start":{"line":33,"column":2},"end":{"line":34,"column":66}},{"start":{},"end":{}}],"line":33},"3":{"loc":{"start":{"line":40,"column":4},"end":{"line":42,"column":5}},"type":"if","locations":[{"start":{"line":40,"column":4},"end":{"line":42,"column":5}},{"start":{},"end":{}}],"line":40},"4":{"loc":{"start":{"line":52,"column":21},"end":{"line":52,"column":72}},"type":"binary-expr","locations":[{"start":{"line":52,"column":21},"end":{"line":52,"column":47}},{"start":{"line":52,"column":51},"end":{"line":52,"column":72}}],"line":52},"5":{"loc":{"start":{"line":55,"column":22},"end":{"line":55,"column":58}},"type":"binary-expr","locations":[{"start":{"line":55,"column":22},"end":{"line":55,"column":53}},{"start":{"line":55,"column":57},"end":{"line":55,"column":58}}],"line":55},"6":{"loc":{"start":{"line":88,"column":10},"end":{"line":88,"column":61}},"type":"binary-expr","locations":[{"start":{"line":88,"column":10},"end":{"line":88,"column":36}},{"start":{"line":88,"column":40},"end":{"line":88,"column":61}}],"line":88},"7":{"loc":{"start":{"line":111,"column":4},"end":{"line":113,"column":5}},"type":"if","locations":[{"start":{"line":111,"column":4},"end":{"line":113,"column":5}},{"start":{},"end":{}}],"line":111},"8":{"loc":{"start":{"line":119,"column":21},"end":{"line":119,"column":72}},"type":"binary-expr","locations":[{"start":{"line":119,"column":21},"end":{"line":119,"column":47}},{"start":{"line":119,"column":51},"end":{"line":119,"column":72}}],"line":119},"9":{"loc":{"start":{"line":122,"column":16},"end":{"line":122,"column":67}},"type":"cond-expr","locations":[{"start":{"line":122,"column":27},"end":{"line":122,"column":63}},{"start":{"line":122,"column":66},"end":{"line":122,"column":67}}],"line":122},"10":{"loc":{"start":{"line":122,"column":27},"end":{"line":122,"column":63}},"type":"binary-expr","locations":[{"start":{"line":122,"column":27},"end":{"line":122,"column":58}},{"start":{"line":122,"column":62},"end":{"line":122,"column":63}}],"line":122},"11":{"loc":{"start":{"line":132,"column":24},"end":{"line":132,"column":75}},"type":"binary-expr","locations":[{"start":{"line":132,"column":24},"end":{"line":132,"column":50}},{"start":{"line":132,"column":54},"end":{"line":132,"column":75}}],"line":132},"12":{"loc":{"start":{"line":134,"column":18},"end":{"line":134,"column":69}},"type":"cond-expr","locations":[{"start":{"line":134,"column":29},"end":{"line":134,"column":65}},{"start":{"line":134,"column":68},"end":{"line":134,"column":69}}],"line":134},"13":{"loc":{"start":{"line":134,"column":29},"end":{"line":134,"column":65}},"type":"binary-expr","locations":[{"start":{"line":134,"column":29},"end":{"line":134,"column":60}},{"start":{"line":134,"column":64},"end":{"line":134,"column":65}}],"line":134},"14":{"loc":{"start":{"line":179,"column":2},"end":{"line":181,"column":3}},"type":"if","locations":[{"start":{"line":179,"column":2},"end":{"line":181,"column":3}},{"start":{},"end":{}}],"line":179},"15":{"loc":{"start":{"line":192,"column":4},"end":{"line":203,"column":5}},"type":"if","locations":[{"start":{"line":192,"column":4},"end":{"line":203,"column":5}},{"start":{"line":200,"column":11},"end":{"line":203,"column":5}}],"line":192},"16":{"loc":{"start":{"line":235,"column":4},"end":{"line":237,"column":5}},"type":"if","locations":[{"start":{"line":235,"column":4},"end":{"line":237,"column":5}},{"start":{},"end":{}}],"line":235}},"s":{"0":0,"1":0,"2":0,"3":0,"4":0,"5":0,"6":0,"7":0,"8":0,"9":0,"10":0,"11":0,"12":0,"13":0,"14":0,"15":0,"16":0,"17":0,"18":0,"19":0,"20":0,"21":0,"22":0,"23":0,"24":0,"25":0,"26":0,"27":0,"28":0,"29":0,"30":0,"31":0,"32":0,"33":0,"34":0,"35":0,"36":0,"37":0,"38":0,"39":0,"40":0,"41":0,"42":0,"43":0,"44":0,"45":0,"46":0,"47":0,"48":0,"49":0,"50":0,"51":0,"52":0,"53":0,"54":0,"55":0,"56":0,"57":0,"58":0,"59":0,"60":0,"61":0,"62":0,"63":0,"64":0,"65":0,"66":0,"67":0,"68":0,"69":0,"70":0,"71":0,"72":0},"f":{"0":0,"1":0,"2":0,"3":0},"b":{"0":[0,0],"1":[0,0],"2":[0,0],"3":[0,0],"4":[0,0],"5":[0,0],"6":[0,0],"7":[0,0],"8":[0,0],"9":[0,0],"10":[0,0],"11":[0,0],"12":[0,0],"13":[0,0],"14":[0,0],"15":[0,0],"16":[0,0]},"inputSourceMap":null}
,"C:\\Users\\lucle\\Desktop\\Projets\\Novapsy\\test\\backend-stripe\\trainings\\trainingService.js": {"path":"C:\\Users\\lucle\\Desktop\\Projets\\Novapsy\\test\\backend-stripe\\trainings\\trainingService.js","statementMap":{"0":{"start":{"line":1,"column":21},"end":{"line":1,"column":50}},"1":{"start":{"line":2,"column":29},"end":{"line":2,"column":56}},"2":{"start":{"line":3,"column":31},"end":{"line":3,"column":59}},"3":{"start":{"line":4,"column":50},"end":{"line":4,"column":70}},"4":{"start":{"line":20,"column":6},"end":{"line":20,"column":14}},"5":{"start":{"line":22,"column":2},"end":{"line":22,"column":72}},"6":{"start":{"line":23,"column":2},"end":{"line":31,"column":5}},"7":{"start":{"line":33,"column":2},"end":{"line":135,"column":3}},"8":{"start":{"line":35,"column":58},"end":{"line":41,"column":20}},"9":{"start":{"line":43,"column":4},"end":{"line":50,"column":5}},"10":{"start":{"line":44,"column":6},"end":{"line":48,"column":8}},"11":{"start":{"line":49,"column":6},"end":{"line":49,"column":23}},"12":{"start":{"line":52,"column":4},"end":{"line":58,"column":5}},"13":{"start":{"line":53,"column":6},"end":{"line":56,"column":9}},"14":{"start":{"line":57,"column":6},"end":{"line":57,"column":30}},"15":{"start":{"line":61,"column":28},"end":{"line":61,"column":55}},"16":{"start":{"line":62,"column":4},"end":{"line":64,"column":5}},"17":{"start":{"line":63,"column":6},"end":{"line":63,"column":72}},"18":{"start":{"line":66,"column":4},"end":{"line":66,"column":70}},"19":{"start":{"line":69,"column":25},"end":{"line":83,"column":5}},"20":{"start":{"line":85,"column":4},"end":{"line":89,"column":6}},"21":{"start":{"line":91,"column":53},"end":{"line":95,"column":15}},"22":{"start":{"line":97,"column":4},"end":{"line":105,"column":5}},"23":{"start":{"line":98,"column":6},"end":{"line":103,"column":9}},"24":{"start":{"line":104,"column":6},"end":{"line":104,"column":26}},"25":{"start":{"line":107,"column":4},"end":{"line":112,"column":7}},"26":{"start":{"line":115,"column":4},"end":{"line":119,"column":6}},"27":{"start":{"line":121,"column":4},"end":{"line":124,"column":6}},"28":{"start":{"line":125,"column":4},"end":{"line":125,"column":20}},"29":{"start":{"line":127,"column":4},"end":{"line":133,"column":7}},"30":{"start":{"line":134,"column":4},"end":{"line":134,"column":16}},"31":{"start":{"line":145,"column":2},"end":{"line":181,"column":3}},"32":{"start":{"line":146,"column":4},"end":{"line":149,"column":7}},"33":{"start":{"line":151,"column":28},"end":{"line":156,"column":15}},"34":{"start":{"line":158,"column":4},"end":{"line":161,"column":5}},"35":{"start":{"line":159,"column":6},"end":{"line":159,"column":78}},"36":{"start":{"line":160,"column":6},"end":{"line":160,"column":18}},"37":{"start":{"line":163,"column":22},"end":{"line":163,"column":28}},"38":{"start":{"line":164,"column":4},"end":{"line":168,"column":7}},"39":{"start":{"line":170,"column":4},"end":{"line":173,"column":6}},"40":{"start":{"line":175,"column":4},"end":{"line":179,"column":7}},"41":{"start":{"line":180,"column":4},"end":{"line":180,"column":16}},"42":{"start":{"line":198,"column":2},"end":{"line":240,"column":3}},"43":{"start":{"line":199,"column":4},"end":{"line":206,"column":6}},"44":{"start":{"line":208,"column":28},"end":{"line":208,"column":55}},"45":{"start":{"line":209,"column":4},"end":{"line":211,"column":5}},"46":{"start":{"line":210,"column":6},"end":{"line":210,"column":72}},"47":{"start":{"line":213,"column":21},"end":{"line":213,"column":54}},"48":{"start":{"line":214,"column":23},"end":{"line":214,"column":74}},"49":{"start":{"line":216,"column":19},"end":{"line":221,"column":5}},"50":{"start":{"line":223,"column":4},"end":{"line":230,"column":7}},"51":{"start":{"line":232,"column":4},"end":{"line":232,"column":18}},"52":{"start":{"line":234,"column":4},"end":{"line":238,"column":7}},"53":{"start":{"line":239,"column":4},"end":{"line":239,"column":16}},"54":{"start":{"line":243,"column":0},"end":{"line":247,"column":2}}},"fnMap":{"0":{"name":"createTrainingPurchase","decl":{"start":{"line":12,"column":15},"end":{"line":12,"column":37}},"loc":{"start":{"line":12,"column":57},"end":{"line":136,"column":1}},"line":12},"1":{"name":"checkTrainingPurchase","decl":{"start":{"line":144,"column":15},"end":{"line":144,"column":36}},"loc":{"start":{"line":144,"column":57},"end":{"line":182,"column":1}},"line":144},"2":{"name":"getTrainingDetailsForUser","decl":{"start":{"line":192,"column":15},"end":{"line":192,"column":40}},"loc":{"start":{"line":197,"column":2},"end":{"line":241,"column":1}},"line":197}},"branchMap":{"0":{"loc":{"start":{"line":43,"column":4},"end":{"line":50,"column":5}},"type":"if","locations":[{"start":{"line":43,"column":4},"end":{"line":50,"column":5}},{"start":{},"end":{}}],"line":43},"1":{"loc":{"start":{"line":43,"column":8},"end":{"line":43,"column":52}},"type":"binary-expr","locations":[{"start":{"line":43,"column":8},"end":{"line":43,"column":18}},{"start":{"line":43,"column":22},"end":{"line":43,"column":52}}],"line":43},"2":{"loc":{"start":{"line":52,"column":4},"end":{"line":58,"column":5}},"type":"if","locations":[{"start":{"line":52,"column":4},"end":{"line":58,"column":5}},{"start":{},"end":{}}],"line":52},"3":{"loc":{"start":{"line":62,"column":4},"end":{"line":64,"column":5}},"type":"if","locations":[{"start":{"line":62,"column":4},"end":{"line":64,"column":5}},{"start":{},"end":{}}],"line":62},"4":{"loc":{"start":{"line":76,"column":8},"end":{"line":78,"column":13}},"type":"cond-expr","locations":[{"start":{"line":77,"column":12},"end":{"line":77,"column":67}},{"start":{"line":78,"column":12},"end":{"line":78,"column":13}}],"line":76},"5":{"loc":{"start":{"line":97,"column":4},"end":{"line":105,"column":5}},"type":"if","locations":[{"start":{"line":97,"column":4},"end":{"line":105,"column":5}},{"start":{},"end":{}}],"line":97},"6":{"loc":{"start":{"line":158,"column":4},"end":{"line":161,"column":5}},"type":"if","locations":[{"start":{"line":158,"column":4},"end":{"line":161,"column":5}},{"start":{},"end":{}}],"line":158},"7":{"loc":{"start":{"line":158,"column":8},"end":{"line":158,"column":42}},"type":"binary-expr","locations":[{"start":{"line":158,"column":8},"end":{"line":158,"column":13}},{"start":{"line":158,"column":17},"end":{"line":158,"column":42}}],"line":158},"8":{"loc":{"start":{"line":172,"column":24},"end":{"line":172,"column":36}},"type":"binary-expr","locations":[{"start":{"line":172,"column":24},"end":{"line":172,"column":28}},{"start":{"line":172,"column":32},"end":{"line":172,"column":36}}],"line":172},"9":{"loc":{"start":{"line":209,"column":4},"end":{"line":211,"column":5}},"type":"if","locations":[{"start":{"line":209,"column":4},"end":{"line":211,"column":5}},{"start":{},"end":{}}],"line":209},"10":{"loc":{"start":{"line":219,"column":16},"end":{"line":219,"column":62}},"type":"cond-expr","locations":[{"start":{"line":219,"column":27},"end":{"line":219,"column":58}},{"start":{"line":219,"column":61},"end":{"line":219,"column":62}}],"line":219}},"s":{"0":0,"1":0,"2":0,"3":0,"4":0,"5":0,"6":0,"7":0,"8":0,"9":0,"10":0,"11":0,"12":0,"13":0,"14":0,"15":0,"16":0,"17":0,"18":0,"19":0,"20":0,"21":0,"22":0,"23":0,"24":0,"25":0,"26":0,"27":0,"28":0,"29":0,"30":0,"31":0,"32":0,"33":0,"34":0,"35":0,"36":0,"37":0,"38":0,"39":0,"40":0,"41":0,"42":0,"43":0,"44":0,"45":0,"46":0,"47":0,"48":0,"49":0,"50":0,"51":0,"52":0,"53":0,"54":0},"f":{"0":0,"1":0,"2":0},"b":{"0":[0,0],"1":[0,0],"2":[0,0],"3":[0,0],"4":[0,0],"5":[0,0],"6":[0,0],"7":[0,0],"8":[0,0],"9":[0,0],"10":[0,0]},"inputSourceMap":null}
}
