TN:
SF:server.js
FN:86,startServer
FN:89,(anonymous_1)
FN:99,(anonymous_2)
FN:128,(anonymous_3)
FN:133,(anonymous_4)
FNF:5
FNH:0
FNDA:0,startServer
FNDA:0,(anonymous_1)
FNDA:0,(anonymous_2)
FNDA:0,(anonymous_3)
FNDA:0,(anonymous_4)
DA:1,0
DA:2,0
DA:5,0
DA:6,0
DA:9,0
DA:14,0
DA:17,0
DA:18,0
DA:19,0
DA:20,0
DA:21,0
DA:22,0
DA:23,0
DA:24,0
DA:26,0
DA:28,0
DA:31,0
DA:39,0
DA:42,0
DA:49,0
DA:52,0
DA:55,0
DA:58,0
DA:61,0
DA:64,0
DA:67,0
DA:70,0
DA:77,0
DA:80,0
DA:87,0
DA:88,0
DA:89,0
DA:91,0
DA:92,0
DA:95,0
DA:99,0
DA:100,0
DA:104,0
DA:105,0
DA:106,0
DA:110,0
DA:114,0
DA:115,0
DA:119,0
DA:122,0
DA:123,0
DA:128,0
DA:129,0
DA:130,0
DA:133,0
DA:134,0
DA:135,0
DA:139,0
LF:53
LH:0
BRDA:91,0,0,0
BRDA:91,0,1,0
BRF:2
BRH:0
end_of_record
TN:
SF:config\constants.js
FNF:0
FNH:0
DA:2,0
DA:3,0
DA:4,0
DA:7,0
DA:19,0
DA:39,0
DA:48,0
LF:7
LH:0
BRDA:2,0,0,0
BRDA:2,0,1,0
BRDA:3,1,0,0
BRDA:3,1,1,0
BRF:4
BRH:0
end_of_record
TN:
SF:config\database.js
FNF:0
FNH:0
DA:1,0
DA:2,0
DA:5,0
DA:10,0
LF:4
LH:0
BRF:0
BRH:0
end_of_record
TN:
SF:config\email.js
FNF:0
FNH:0
DA:1,0
DA:4,0
DA:5,0
DA:7,0
DA:8,0
DA:10,0
LF:6
LH:0
BRDA:7,0,0,0
BRDA:7,0,1,0
BRDA:8,1,0,0
BRDA:8,1,1,0
BRF:4
BRH:0
end_of_record
TN:
SF:config\stripe.js
FNF:0
FNH:0
DA:1,0
DA:4,0
DA:8,0
LF:3
LH:0
BRF:0
BRH:0
end_of_record
TN:
SF:config\swagger.js
FNF:0
FNH:0
DA:2,0
DA:3,0
DA:5,0
DA:1310,0
DA:1312,0
LF:5
LH:0
BRDA:21,0,0,0
BRDA:21,0,1,0
BRDA:25,1,0,0
BRDA:25,1,1,0
BRF:4
BRH:0
end_of_record
TN:
SF:contact\contactRoutes.js
FN:17,(anonymous_0)
FN:54,(anonymous_1)
FNF:2
FNH:0
FNDA:0,(anonymous_0)
FNDA:0,(anonymous_1)
DA:4,0
DA:8,0
DA:9,0
DA:11,0
DA:17,0
DA:18,0
DA:20,0
DA:22,0
DA:25,0
DA:26,0
DA:29,0
DA:30,0
DA:34,0
DA:40,0
DA:54,0
DA:55,0
DA:60,0
DA:62,0
DA:64,0
DA:65,0
DA:69,0
DA:71,0
DA:76,0
DA:79,0
DA:84,0
DA:93,0
LF:26
LH:0
BRDA:25,0,0,0
BRDA:25,0,1,0
BRDA:29,1,0,0
BRDA:29,1,1,0
BRDA:37,2,0,0
BRDA:37,2,1,0
BRDA:64,3,0,0
BRDA:64,3,1,0
BRF:8
BRH:0
end_of_record
TN:
SF:contact\contactService.js
FN:13,processContactForm
FN:68,testEmailConfiguration
FN:152,validateContactForm
FNF:3
FNH:0
FNDA:0,processContactForm
FNDA:0,testEmailConfiguration
FNDA:0,validateContactForm
DA:4,0
DA:5,0
DA:6,0
DA:14,0
DA:16,0
DA:18,0
DA:19,0
DA:27,0
DA:30,0
DA:31,0
DA:36,0
DA:42,0
DA:44,0
DA:54,0
DA:69,0
DA:71,0
DA:73,0
DA:94,0
DA:100,0
DA:101,0
DA:107,0
DA:120,0
DA:125,0
DA:133,0
DA:138,0
DA:153,0
DA:156,0
DA:157,0
DA:161,0
DA:162,0
DA:166,0
DA:167,0
DA:171,0
DA:172,0
DA:175,0
DA:187,0
LF:36
LH:0
BRDA:18,0,0,0
BRDA:18,0,1,0
BRDA:30,1,0,0
BRDA:30,1,1,0
BRDA:50,2,0,0
BRDA:50,2,1,0
BRDA:100,3,0,0
BRDA:100,3,1,0
BRDA:156,4,0,0
BRDA:156,4,1,0
BRDA:156,5,0,0
BRDA:156,5,1,0
BRDA:161,6,0,0
BRDA:161,6,1,0
BRDA:161,7,0,0
BRDA:161,7,1,0
BRDA:166,8,0,0
BRDA:166,8,1,0
BRDA:166,9,0,0
BRDA:166,9,1,0
BRDA:171,10,0,0
BRDA:171,10,1,0
BRDA:171,11,0,0
BRDA:171,11,1,0
BRDA:181,12,0,0
BRDA:181,12,1,0
BRF:26
BRH:0
end_of_record
TN:
SF:contact\index.js
FNF:0
FNH:0
DA:4,0
DA:8,0
DA:10,0
LF:3
LH:0
BRF:0
BRH:0
end_of_record
TN:
SF:debug\debugController.js
FN:10,(anonymous_0)
FNF:1
FNH:0
FNDA:0,(anonymous_0)
DA:2,0
DA:3,0
DA:10,0
DA:11,0
DA:13,0
DA:19,0
DA:20,0
DA:21,0
DA:26,0
DA:27,0
DA:29,0
DA:30,0
DA:34,0
DA:39,0
DA:40,0
DA:46,0
DA:50,0
DA:57,0
LF:18
LH:0
BRDA:19,0,0,0
BRDA:19,0,1,0
BRDA:19,1,0,0
BRDA:19,1,1,0
BRDA:29,2,0,0
BRDA:29,2,1,0
BRF:6
BRH:0
end_of_record
TN:
SF:debug\debugRoutes.js
FNF:0
FNH:0
DA:2,0
DA:3,0
DA:5,0
DA:15,0
DA:17,0
LF:5
LH:0
BRF:0
BRH:0
end_of_record
TN:
SF:debug\index.js
FNF:0
FNH:0
DA:2,0
DA:4,0
LF:2
LH:0
BRF:0
BRH:0
end_of_record
TN:
SF:emails\contactEmails.js
FN:15,sendContactEmail
FN:78,(anonymous_1)
FNF:2
FNH:0
FNDA:0,sendContactEmail
FNDA:0,(anonymous_1)
DA:1,0
DA:5,0
DA:6,0
DA:7,0
DA:8,0
DA:16,0
DA:18,0
DA:20,0
DA:28,0
DA:30,0
DA:31,0
DA:32,0
DA:39,0
DA:41,0
DA:49,0
DA:50,0
DA:52,0
DA:58,0
DA:71,0
DA:72,0
DA:78,0
DA:79,0
DA:80,0
DA:81,0
DA:86,0
DA:92,0
DA:93,0
DA:98,0
DA:108,0
DA:119,0
DA:127,0
DA:136,0
DA:148,0
DA:153,0
DA:162,0
LF:35
LH:0
BRDA:21,0,0,0
BRDA:21,0,1,0
BRDA:22,1,0,0
BRDA:22,1,1,0
BRDA:23,2,0,0
BRDA:23,2,1,0
BRDA:24,3,0,0
BRDA:24,3,1,0
BRDA:30,4,0,0
BRDA:30,4,1,0
BRDA:44,5,0,0
BRDA:44,5,1,0
BRDA:71,6,0,0
BRDA:71,6,1,0
BRDA:92,7,0,0
BRDA:92,7,1,0
BRF:16
BRH:0
end_of_record
TN:
SF:emails\emailCore.js
FN:11,sendEmail
FN:60,sendEmailWithRetry
FN:116,(anonymous_2)
FNF:3
FNH:0
FNDA:0,sendEmail
FNDA:0,sendEmailWithRetry
FNDA:0,(anonymous_2)
DA:1,0
DA:2,0
DA:12,0
DA:13,0
DA:15,0
DA:16,0
DA:17,0
DA:20,0
DA:27,0
DA:28,0
DA:33,0
DA:35,0
DA:40,0
DA:43,0
DA:48,0
DA:61,0
DA:62,0
DA:64,0
DA:65,0
DA:66,0
DA:72,0
DA:80,0
DA:82,0
DA:83,0
DA:88,0
DA:95,0
DA:96,0
DA:97,0
DA:103,0
DA:104,0
DA:115,0
DA:116,0
DA:120,0
DA:126,0
DA:133,0
LF:35
LH:0
BRDA:15,0,0,0
BRDA:15,0,1,0
BRDA:15,1,0,0
BRDA:15,1,1,0
BRDA:27,2,0,0
BRDA:27,2,1,0
BRDA:27,3,0,0
BRDA:27,3,1,0
BRDA:60,4,0,0
BRDA:82,5,0,0
BRDA:82,5,1,0
BRDA:82,6,0,0
BRDA:82,6,1,0
BRDA:95,7,0,0
BRDA:95,7,1,0
BRDA:115,8,0,0
BRDA:115,8,1,0
BRF:17
BRH:0
end_of_record
TN:
SF:emails\emailTemplates.js
FN:6,getPreventionThemeColors
FN:68,generateContactEmailHTML
FN:187,generateConfirmationEmailHTML
FN:261,generatePreventionRequestEmailHTML
FN:469,generateMembershipConfirmationHTML
FN:503,generateAssociationMembershipConfirmationHTML
FN:549,generateTrainingPurchaseConfirmationHTML
FNF:7
FNH:0
FNDA:0,getPreventionThemeColors
FNDA:0,generateContactEmailHTML
FNDA:0,generateConfirmationEmailHTML
FNDA:0,generatePreventionRequestEmailHTML
FNDA:0,generateMembershipConfirmationHTML
FNDA:0,generateAssociationMembershipConfirmationHTML
FNDA:0,generateTrainingPurchaseConfirmationHTML
DA:7,0
DA:10,0
DA:18,0
DA:26,0
DA:33,0
DA:41,0
DA:48,0
DA:56,0
DA:69,0
DA:71,0
DA:188,0
DA:273,0
DA:276,0
DA:278,0
DA:470,0
DA:507,0
DA:553,0
DA:583,0
LF:18
LH:0
BRDA:10,0,0,0
BRDA:10,0,1,0
BRDA:11,1,0,0
BRDA:11,1,1,0
BRDA:11,1,2,0
BRDA:11,1,3,0
BRDA:11,1,4,0
BRDA:11,1,5,0
BRDA:26,2,0,0
BRDA:26,2,1,0
BRDA:27,3,0,0
BRDA:27,3,1,0
BRDA:27,3,2,0
BRDA:27,3,3,0
BRDA:27,3,4,0
BRDA:41,4,0,0
BRDA:41,4,1,0
BRDA:42,5,0,0
BRDA:42,5,1,0
BRDA:42,5,2,0
BRDA:42,5,3,0
BRDA:42,5,4,0
BRDA:112,6,0,0
BRDA:112,6,1,0
BRDA:224,7,0,0
BRDA:224,7,1,0
BRDA:308,8,0,0
BRDA:308,8,1,0
BRDA:346,9,0,0
BRDA:346,9,1,0
BRDA:346,10,0,0
BRDA:346,10,1,0
BRDA:355,11,0,0
BRDA:355,11,1,0
BRDA:370,12,0,0
BRDA:370,12,1,0
BRDA:389,13,0,0
BRDA:389,13,1,0
BRDA:433,14,0,0
BRDA:433,14,1,0
BRDA:565,15,0,0
BRDA:565,15,1,0
BRF:42
BRH:0
end_of_record
TN:
SF:emails\emailValidation.js
FN:6,isValidEmail
FN:15,validateContactData
FN:54,validatePreventionRequest
FNF:3
FNH:0
FNDA:0,isValidEmail
FNDA:0,validateContactData
FNDA:0,validatePreventionRequest
DA:7,0
DA:16,0
DA:17,0
DA:20,0
DA:21,0
DA:25,0
DA:26,0
DA:30,0
DA:31,0
DA:34,0
DA:35,0
DA:39,0
DA:40,0
DA:43,0
DA:55,0
DA:56,0
DA:59,0
DA:60,0
DA:63,0
DA:64,0
DA:67,0
DA:68,0
DA:71,0
DA:72,0
DA:76,0
DA:77,0
DA:80,0
DA:86,0
LF:28
LH:0
BRDA:20,0,0,0
BRDA:20,0,1,0
BRDA:20,1,0,0
BRDA:20,1,1,0
BRDA:25,2,0,0
BRDA:25,2,1,0
BRDA:25,3,0,0
BRDA:25,3,1,0
BRDA:30,4,0,0
BRDA:30,4,1,0
BRDA:30,5,0,0
BRDA:30,5,1,0
BRDA:34,6,0,0
BRDA:34,6,1,0
BRDA:34,7,0,0
BRDA:34,7,1,0
BRDA:39,8,0,0
BRDA:39,8,1,0
BRDA:39,9,0,0
BRDA:39,9,1,0
BRDA:59,10,0,0
BRDA:59,10,1,0
BRDA:59,11,0,0
BRDA:59,11,1,0
BRDA:63,12,0,0
BRDA:63,12,1,0
BRDA:63,13,0,0
BRDA:63,13,1,0
BRDA:67,14,0,0
BRDA:67,14,1,0
BRDA:67,15,0,0
BRDA:67,15,1,0
BRDA:71,16,0,0
BRDA:71,16,1,0
BRDA:71,17,0,0
BRDA:71,17,1,0
BRDA:76,18,0,0
BRDA:76,18,1,0
BRDA:76,19,0,0
BRDA:76,19,1,0
BRF:40
BRH:0
end_of_record
TN:
SF:emails\index.js
FNF:0
FNH:0
DA:7,0
DA:14,0
DA:25,0
DA:31,0
DA:34,0
DA:37,0
DA:43,0
DA:49,0
DA:51,0
LF:9
LH:0
BRF:0
BRH:0
end_of_record
TN:
SF:emails\membershipEmails.js
FN:16,sendMembershipConfirmationEmail
FN:47,sendAssociationMembershipConfirmationEmail
FNF:2
FNH:0
FNDA:0,sendMembershipConfirmationEmail
FNDA:0,sendAssociationMembershipConfirmationEmail
DA:1,0
DA:5,0
DA:6,0
DA:7,0
DA:8,0
DA:17,0
DA:18,0
DA:19,0
DA:20,0
DA:25,0
DA:28,0
DA:29,0
DA:31,0
DA:33,0
DA:37,0
DA:51,0
DA:53,0
DA:59,0
DA:60,0
DA:65,0
DA:68,0
DA:69,0
DA:74,0
DA:76,0
DA:84,0
DA:88,0
LF:26
LH:0
BRDA:19,0,0,0
BRDA:19,0,1,0
BRDA:59,1,0,0
BRDA:59,1,1,0
BRDA:59,2,0,0
BRDA:59,2,1,0
BRF:6
BRH:0
end_of_record
TN:
SF:emails\newsletterEmails.js
FN:11,sendNewsletter
FN:59,(anonymous_1)
FN:83,(anonymous_2)
FN:130,getNewsletterSubscribers
FN:152,(anonymous_4)
FN:153,(anonymous_5)
FNF:6
FNH:0
FNDA:0,sendNewsletter
FNDA:0,(anonymous_1)
FNDA:0,(anonymous_2)
FNDA:0,getNewsletterSubscribers
FNDA:0,(anonymous_4)
FNDA:0,(anonymous_5)
DA:1,0
DA:2,0
DA:3,0
DA:12,0
DA:14,0
DA:15,0
DA:21,0
DA:22,0
DA:28,0
DA:30,0
DA:36,0
DA:37,0
DA:42,0
DA:49,0
DA:50,0
DA:51,0
DA:58,0
DA:59,0
DA:62,0
DA:67,0
DA:68,0
DA:69,0
DA:72,0
DA:73,0
DA:74,0
DA:75,0
DA:76,0
DA:78,0
DA:79,0
DA:83,0
DA:85,0
DA:86,0
DA:87,0
DA:94,0
DA:101,0
DA:113,0
DA:118,0
DA:131,0
DA:132,0
DA:143,0
DA:144,0
DA:145,0
DA:151,0
DA:152,0
DA:153,0
DA:161,0
DA:167,0
DA:168,0
DA:175,0
LF:49
LH:0
BRDA:14,0,0,0
BRDA:14,0,1,0
BRDA:21,1,0,0
BRDA:21,1,1,0
BRDA:36,2,0,0
BRDA:36,2,1,0
BRDA:49,3,0,0
BRDA:49,3,1,0
BRDA:49,4,0,0
BRDA:49,4,1,0
BRDA:75,5,0,0
BRDA:75,5,1,0
BRDA:143,6,0,0
BRDA:143,6,1,0
BRF:14
BRH:0
end_of_record
TN:
SF:emails\preventionEmails.js
FN:14,sendPreventionRequest
FN:163,testPreventionRequest
FNF:2
FNH:0
FNDA:0,sendPreventionRequest
FNDA:0,testPreventionRequest
DA:1,0
DA:2,0
DA:3,0
DA:4,0
DA:5,0
DA:15,0
DA:29,0
DA:31,0
DA:44,0
DA:46,0
DA:47,0
DA:52,0
DA:59,0
DA:61,0
DA:79,0
DA:82,0
DA:84,0
DA:90,0
DA:103,0
DA:104,0
DA:111,0
DA:121,0
DA:131,0
DA:143,0
DA:149,0
DA:164,0
DA:167,0
DA:169,0
DA:175,0
DA:177,0
DA:183,0
DA:185,0
DA:191,0
DA:193,0
DA:200,0
DA:214,0
DA:216,0
DA:217,0
DA:223,0
DA:224,0
DA:225,0
DA:235,0
DA:240,0
DA:247,0
DA:248,0
DA:256,0
LF:46
LH:0
BRDA:14,0,0,0
BRDA:14,1,0,0
BRDA:29,2,0,0
BRDA:29,2,1,0
BRDA:32,3,0,0
BRDA:32,3,1,0
BRDA:33,4,0,0
BRDA:33,4,1,0
BRDA:34,5,0,0
BRDA:34,5,1,0
BRDA:35,6,0,0
BRDA:35,6,1,0
BRDA:39,7,0,0
BRDA:39,7,1,0
BRDA:40,8,0,0
BRDA:40,8,1,0
BRDA:44,9,0,0
BRDA:44,9,1,0
BRDA:46,10,0,0
BRDA:46,10,1,0
BRDA:66,11,0,0
BRDA:66,11,1,0
BRDA:69,12,0,0
BRDA:69,12,1,0
BRDA:70,13,0,0
BRDA:70,13,1,0
BRDA:72,14,0,0
BRDA:72,14,1,0
BRDA:73,15,0,0
BRDA:73,15,1,0
BRDA:74,16,0,0
BRDA:74,16,1,0
BRDA:79,17,0,0
BRDA:79,17,1,0
BRDA:91,18,0,0
BRDA:91,18,1,0
BRDA:103,19,0,0
BRDA:103,19,1,0
BRDA:144,20,0,0
BRDA:144,20,1,0
BRDA:163,21,0,0
BRDA:167,22,0,0
BRDA:167,22,1,0
BRDA:167,22,2,0
BRDA:167,22,3,0
BRDA:223,23,0,0
BRDA:223,23,1,0
BRF:47
BRH:0
end_of_record
TN:
SF:emails\trainingEmails.js
FN:15,sendTrainingPurchaseConfirmationEmail
FNF:1
FNH:0
FNDA:0,sendTrainingPurchaseConfirmationEmail
DA:1,0
DA:4,0
DA:5,0
DA:6,0
DA:20,0
DA:21,0
DA:22,0
DA:23,0
DA:28,0
DA:31,0
DA:32,0
DA:37,0
DA:39,0
DA:43,0
DA:47,0
LF:15
LH:0
BRDA:22,0,0,0
BRDA:22,0,1,0
BRF:2
BRH:0
end_of_record
TN:
SF:health\healthRoutes.js
FN:16,(anonymous_0)
FNF:1
FNH:0
FNDA:0,(anonymous_0)
DA:4,0
DA:5,0
DA:6,0
DA:8,0
DA:16,0
DA:17,0
DA:19,0
DA:21,0
DA:22,0
DA:26,0
DA:30,0
DA:36,0
DA:38,0
DA:44,0
DA:54,0
LF:15
LH:0
BRDA:21,0,0,0
BRDA:21,0,1,0
BRDA:30,1,0,0
BRDA:30,1,1,0
BRDA:32,2,0,0
BRDA:32,2,1,0
BRF:6
BRH:0
end_of_record
TN:
SF:health\healthService.js
FN:13,checkSupabaseConnection
FN:52,checkStripeConnection
FN:80,sendTestEmail
FN:131,getSystemMetrics
FN:153,formatUptime
FN:173,getSystemHealth
FN:213,(anonymous_6)
FNF:7
FNH:0
FNDA:0,checkSupabaseConnection
FNDA:0,checkStripeConnection
FNDA:0,sendTestEmail
FNDA:0,getSystemMetrics
FNDA:0,formatUptime
FNDA:0,getSystemHealth
FNDA:0,(anonymous_6)
DA:4,0
DA:5,0
DA:6,0
DA:7,0
DA:8,0
DA:14,0
DA:16,0
DA:17,0
DA:22,0
DA:24,0
DA:25,0
DA:33,0
DA:40,0
DA:53,0
DA:55,0
DA:57,0
DA:59,0
DA:61,0
DA:68,0
DA:81,0
DA:83,0
DA:84,0
DA:94,0
DA:100,0
DA:102,0
DA:103,0
DA:111,0
DA:119,0
DA:132,0
DA:134,0
DA:154,0
DA:155,0
DA:156,0
DA:157,0
DA:159,0
DA:160,0
DA:161,0
DA:162,0
DA:163,0
DA:164,0
DA:166,0
DA:174,0
DA:176,0
DA:179,0
DA:193,0
DA:199,0
DA:200,0
DA:204,0
DA:207,0
DA:210,0
DA:211,0
DA:213,0
DA:214,0
DA:216,0
DA:218,0
DA:270,0
DA:275,0
DA:278,0
LF:58
LH:0
BRDA:24,0,0,0
BRDA:24,0,1,0
BRDA:37,1,0,0
BRDA:37,1,1,0
BRDA:102,2,0,0
BRDA:102,2,1,0
BRDA:159,3,0,0
BRDA:159,3,1,0
BRDA:161,4,0,0
BRDA:161,4,1,0
BRDA:163,5,0,0
BRDA:163,5,1,0
BRDA:173,6,0,0
BRDA:199,7,0,0
BRDA:199,7,1,0
BRDA:211,8,0,0
BRDA:211,8,1,0
BRDA:214,9,0,0
BRDA:214,9,1,0
BRDA:231,10,0,0
BRDA:231,10,1,0
BRF:21
BRH:0
end_of_record
TN:
SF:health\index.js
FNF:0
FNH:0
DA:4,0
DA:11,0
DA:13,0
LF:3
LH:0
BRF:0
BRH:0
end_of_record
TN:
SF:memberships\membershipRoutes.js
FN:22,(anonymous_0)
FN:89,(anonymous_1)
FN:132,(anonymous_2)
FN:241,(anonymous_3)
FN:274,(anonymous_4)
FN:342,(anonymous_5)
FN:712,(anonymous_6)
FN:754,(anonymous_7)
FN:810,(anonymous_8)
FN:877,(anonymous_9)
FN:925,(anonymous_10)
FN:984,(anonymous_11)
FN:1051,(anonymous_12)
FN:1104,(anonymous_13)
FN:1141,(anonymous_14)
FN:1144,(anonymous_15)
FN:1177,(anonymous_16)
FN:1206,(anonymous_17)
FNF:18
FNH:0
FNDA:0,(anonymous_0)
FNDA:0,(anonymous_1)
FNDA:0,(anonymous_2)
FNDA:0,(anonymous_3)
FNDA:0,(anonymous_4)
FNDA:0,(anonymous_5)
FNDA:0,(anonymous_6)
FNDA:0,(anonymous_7)
FNDA:0,(anonymous_8)
FNDA:0,(anonymous_9)
FNDA:0,(anonymous_10)
FNDA:0,(anonymous_11)
FNDA:0,(anonymous_12)
FNDA:0,(anonymous_13)
FNDA:0,(anonymous_14)
FNDA:0,(anonymous_15)
FNDA:0,(anonymous_16)
FNDA:0,(anonymous_17)
DA:1,0
DA:2,0
DA:4,0
DA:5,0
DA:6,0
DA:7,0
DA:8,0
DA:14,0
DA:20,0
DA:23,0
DA:25,0
DA:29,0
DA:30,0
DA:37,0
DA:38,0
DA:45,0
DA:66,0
DA:67,0
DA:69,0
DA:73,0
DA:74,0
DA:76,0
DA:85,0
DA:87,0
DA:89,0
DA:93,0
DA:94,0
DA:95,0
DA:97,0
DA:98,0
DA:102,0
DA:108,0
DA:114,0
DA:119,0
DA:132,0
DA:141,0
DA:143,0
DA:144,0
DA:155,0
DA:156,0
DA:157,0
DA:162,0
DA:167,0
DA:169,0
DA:170,0
DA:171,0
DA:175,0
DA:176,0
DA:178,0
DA:212,0
DA:213,0
DA:216,0
DA:218,0
DA:229,0
DA:231,0
DA:232,0
DA:241,0
DA:242,0
DA:244,0
DA:245,0
DA:247,0
DA:248,0
DA:250,0
DA:251,0
DA:252,0
DA:257,0
DA:260,0
DA:265,0
DA:274,0
DA:275,0
DA:277,0
DA:279,0
DA:280,0
DA:301,0
DA:323,0
DA:325,0
DA:326,0
DA:327,0
DA:330,0
DA:332,0
DA:333,0
DA:342,0
DA:343,0
DA:345,0
DA:347,0
DA:349,0
DA:350,0
DA:354,0
DA:368,0
DA:369,0
DA:370,0
DA:371,0
DA:374,0
DA:375,0
DA:376,0
DA:377,0
DA:381,0
DA:389,0
DA:390,0
DA:399,0
DA:408,0
DA:409,0
DA:410,0
DA:411,0
DA:415,0
DA:432,0
DA:433,0
DA:438,0
DA:441,0
DA:446,0
DA:459,0
DA:472,0
DA:475,0
DA:479,0
DA:490,0
DA:504,0
DA:518,0
DA:519,0
DA:527,0
DA:529,0
DA:530,0
DA:531,0
DA:532,0
DA:533,0
DA:537,0
DA:539,0
DA:548,0
DA:554,0
DA:566,0
DA:574,0
DA:577,0
DA:581,0
DA:586,0
DA:601,0
DA:613,0
DA:614,0
DA:618,0
DA:621,0
DA:625,0
DA:627,0
DA:630,0
DA:634,0
DA:639,0
DA:653,0
DA:664,0
DA:682,0
DA:690,0
DA:697,0
DA:698,0
DA:712,0
DA:713,0
DA:714,0
DA:716,0
DA:721,0
DA:723,0
DA:729,0
DA:730,0
DA:733,0
DA:734,0
DA:737,0
DA:738,0
DA:739,0
DA:740,0
DA:742,0
DA:747,0
DA:748,0
DA:749,0
DA:753,0
DA:755,0
DA:759,0
DA:760,0
DA:763,0
DA:768,0
DA:769,0
DA:774,0
DA:775,0
DA:778,0
DA:783,0
DA:789,0
DA:799,0
DA:800,0
DA:808,0
DA:811,0
DA:813,0
DA:817,0
DA:819,0
DA:830,0
DA:831,0
DA:834,0
DA:835,0
DA:838,0
DA:839,0
DA:840,0
DA:844,0
DA:854,0
DA:859,0
DA:866,0
DA:867,0
DA:877,0
DA:878,0
DA:880,0
DA:882,0
DA:884,0
DA:890,0
DA:891,0
DA:895,0
DA:896,0
DA:897,0
DA:900,0
DA:911,0
DA:916,0
DA:925,0
DA:926,0
DA:927,0
DA:935,0
DA:936,0
DA:939,0
DA:944,0
DA:945,0
DA:948,0
DA:953,0
DA:964,0
DA:974,0
DA:975,0
DA:984,0
DA:985,0
DA:987,0
DA:989,0
DA:991,0
DA:997,0
DA:998,0
DA:1001,0
DA:1002,0
DA:1009,0
DA:1012,0
DA:1014,0
DA:1016,0
DA:1021,0
DA:1022,0
DA:1025,0
DA:1030,0
DA:1036,0
DA:1042,0
DA:1043,0
DA:1051,0
DA:1052,0
DA:1054,0
DA:1058,0
DA:1060,0
DA:1066,0
DA:1067,0
DA:1068,0
DA:1072,0
DA:1094,0
DA:1095,0
DA:1103,0
DA:1104,0
DA:1105,0
DA:1106,0
DA:1108,0
DA:1123,0
DA:1128,0
DA:1129,0
DA:1132,0
DA:1141,0
DA:1144,0
DA:1154,0
DA:1161,0
DA:1163,0
DA:1164,0
DA:1175,0
DA:1178,0
DA:1180,0
DA:1181,0
DA:1201,0
DA:1202,0
DA:1205,0
DA:1206,0
DA:1207,0
DA:1208,0
DA:1211,0
DA:1219,0
DA:1224,0
LF:283
LH:0
BRDA:37,0,0,0
BRDA:37,0,1,0
BRDA:66,1,0,0
BRDA:66,1,1,0
BRDA:69,2,0,0
BRDA:69,2,1,0
BRDA:85,3,0,0
BRDA:85,3,1,0
BRDA:87,4,0,0
BRDA:87,4,1,0
BRDA:93,5,0,0
BRDA:93,5,1,0
BRDA:96,6,0,0
BRDA:96,6,1,0
BRDA:155,7,0,0
BRDA:155,7,1,0
BRDA:156,8,0,0
BRDA:156,8,1,0
BRDA:157,9,0,0
BRDA:157,9,1,0
BRDA:158,10,0,0
BRDA:158,10,1,0
BRDA:158,10,2,0
BRDA:158,10,3,0
BRDA:158,10,4,0
BRDA:170,11,0,0
BRDA:170,11,1,0
BRDA:170,12,0,0
BRDA:170,12,1,0
BRDA:181,13,0,0
BRDA:181,13,1,0
BRDA:182,14,0,0
BRDA:182,14,1,0
BRDA:185,15,0,0
BRDA:185,15,1,0
BRDA:186,16,0,0
BRDA:186,16,1,0
BRDA:189,17,0,0
BRDA:189,17,1,0
BRDA:198,18,0,0
BRDA:198,18,1,0
BRDA:203,19,0,0
BRDA:203,19,1,0
BRDA:204,20,0,0
BRDA:204,20,1,0
BRDA:212,21,0,0
BRDA:212,21,1,0
BRDA:250,22,0,0
BRDA:250,22,1,0
BRDA:279,23,0,0
BRDA:279,23,1,0
BRDA:325,24,0,0
BRDA:325,24,1,0
BRDA:362,25,0,0
BRDA:362,25,1,0
BRDA:368,26,0,0
BRDA:368,26,1,0
BRDA:374,27,0,0
BRDA:374,27,1,0
BRDA:404,28,0,0
BRDA:404,28,1,0
BRDA:408,29,0,0
BRDA:408,29,1,0
BRDA:408,30,0,0
BRDA:408,30,1,0
BRDA:410,31,0,0
BRDA:410,31,1,0
BRDA:421,32,0,0
BRDA:421,32,1,0
BRDA:432,33,0,0
BRDA:432,33,1,0
BRDA:432,34,0,0
BRDA:432,34,1,0
BRDA:441,35,0,0
BRDA:441,35,1,0
BRDA:518,36,0,0
BRDA:518,36,1,0
BRDA:518,37,0,0
BRDA:518,37,1,0
BRDA:530,38,0,0
BRDA:530,38,1,0
BRDA:532,39,0,0
BRDA:532,39,1,0
BRDA:537,40,0,0
BRDA:537,40,1,0
BRDA:613,41,0,0
BRDA:613,41,1,0
BRDA:621,42,0,0
BRDA:621,42,1,0
BRDA:625,43,0,0
BRDA:625,43,1,0
BRDA:625,44,0,0
BRDA:625,44,1,0
BRDA:627,45,0,0
BRDA:627,45,1,0
BRDA:729,46,0,0
BRDA:729,46,1,0
BRDA:729,47,0,0
BRDA:729,47,1,0
BRDA:734,48,0,0
BRDA:734,48,1,0
BRDA:737,49,0,0
BRDA:737,49,1,0
BRDA:747,50,0,0
BRDA:747,50,1,0
BRDA:755,51,0,0
BRDA:755,51,1,0
BRDA:759,52,0,0
BRDA:759,52,1,0
BRDA:768,53,0,0
BRDA:768,53,1,0
BRDA:774,54,0,0
BRDA:774,54,1,0
BRDA:830,55,0,0
BRDA:830,55,1,0
BRDA:830,56,0,0
BRDA:830,56,1,0
BRDA:839,57,0,0
BRDA:839,57,1,0
BRDA:890,58,0,0
BRDA:890,58,1,0
BRDA:890,59,0,0
BRDA:890,59,1,0
BRDA:895,60,0,0
BRDA:895,60,1,0
BRDA:926,61,0,0
BRDA:926,61,1,0
BRDA:928,62,0,0
BRDA:928,62,1,0
BRDA:928,62,2,0
BRDA:928,62,3,0
BRDA:928,62,4,0
BRDA:935,63,0,0
BRDA:935,63,1,0
BRDA:944,64,0,0
BRDA:944,64,1,0
BRDA:997,65,0,0
BRDA:997,65,1,0
BRDA:997,66,0,0
BRDA:997,66,1,0
BRDA:1001,67,0,0
BRDA:1001,67,1,0
BRDA:1014,68,0,0
BRDA:1014,68,1,0
BRDA:1021,69,0,0
BRDA:1021,69,1,0
BRDA:1066,70,0,0
BRDA:1066,70,1,0
BRDA:1094,71,0,0
BRDA:1094,71,1,0
BRDA:1104,72,0,0
BRDA:1104,72,1,0
BRDA:1112,73,0,0
BRDA:1112,73,1,0
BRDA:1128,74,0,0
BRDA:1128,74,1,0
BRDA:1149,75,0,0
BRDA:1149,75,1,0
BRDA:1201,76,0,0
BRDA:1201,76,1,0
BRDA:1206,77,0,0
BRDA:1206,77,1,0
BRDA:1208,78,0,0
BRDA:1208,78,1,0
BRDA:1213,79,0,0
BRDA:1213,79,1,0
BRDA:1215,80,0,0
BRDA:1215,80,1,0
BRF:168
BRH:0
end_of_record
TN:
SF:memberships\membershipService.js
FN:15,checkIfUserIsMember
FN:39,(anonymous_1)
FN:56,updateUserStatusToMembership
FN:96,createInvoiceForPayment
FN:150,(anonymous_4)
FN:177,getInvoiceFromPayment
FN:199,(anonymous_6)
FN:239,getReceiptFromPaymentIntent
FN:284,createMembership
FN:514,(anonymous_9)
FNF:10
FNH:0
FNDA:0,checkIfUserIsMember
FNDA:0,(anonymous_1)
FNDA:0,updateUserStatusToMembership
FNDA:0,createInvoiceForPayment
FNDA:0,(anonymous_4)
FNDA:0,getInvoiceFromPayment
FNDA:0,(anonymous_6)
FNDA:0,getReceiptFromPaymentIntent
FNDA:0,createMembership
FNDA:0,(anonymous_9)
DA:1,0
DA:2,0
DA:3,0
DA:4,0
DA:8,0
DA:16,0
DA:17,0
DA:20,0
DA:22,0
DA:28,0
DA:29,0
DA:30,0
DA:34,0
DA:36,0
DA:39,0
DA:43,0
DA:45,0
DA:46,0
DA:57,0
DA:58,0
DA:63,0
DA:71,0
DA:72,0
DA:77,0
DA:79,0
DA:83,0
DA:86,0
DA:87,0
DA:97,0
DA:98,0
DA:100,0
DA:101,0
DA:106,0
DA:110,0
DA:119,0
DA:120,0
DA:127,0
DA:128,0
DA:129,0
DA:130,0
DA:138,0
DA:141,0
DA:144,0
DA:149,0
DA:150,0
DA:153,0
DA:154,0
DA:155,0
DA:160,0
DA:165,0
DA:167,0
DA:168,0
DA:178,0
DA:179,0
DA:182,0
DA:183,0
DA:188,0
DA:192,0
DA:193,0
DA:198,0
DA:199,0
DA:202,0
DA:203,0
DA:208,0
DA:213,0
DA:214,0
DA:219,0
DA:222,0
DA:227,0
DA:229,0
DA:230,0
DA:240,0
DA:241,0
DA:247,0
DA:254,0
DA:255,0
DA:257,0
DA:258,0
DA:271,0
DA:273,0
DA:274,0
DA:285,0
DA:286,0
DA:288,0
DA:289,0
DA:298,0
DA:300,0
DA:303,0
DA:313,0
DA:314,0
DA:315,0
DA:318,0
DA:319,0
DA:320,0
DA:324,0
DA:325,0
DA:326,0
DA:333,0
DA:344,0
DA:350,0
DA:351,0
DA:356,0
DA:359,0
DA:366,0
DA:367,0
DA:372,0
DA:381,0
DA:382,0
DA:388,0
DA:391,0
DA:394,0
DA:398,0
DA:408,0
DA:412,0
DA:417,0
DA:418,0
DA:423,0
DA:429,0
DA:430,0
DA:436,0
DA:437,0
DA:448,0
DA:457,0
DA:458,0
DA:468,0
DA:469,0
DA:477,0
DA:480,0
DA:486,0
DA:490,0
DA:498,0
DA:510,0
DA:511,0
DA:514,0
DA:515,0
DA:516,0
DA:517,0
DA:519,0
DA:524,0
DA:529,0
DA:539,0
DA:547,0
DA:558,0
DA:560,0
DA:569,0
DA:573,0
LF:146
LH:0
BRDA:28,0,0,0
BRDA:28,0,1,0
BRDA:34,1,0,0
BRDA:34,1,1,0
BRDA:39,2,0,0
BRDA:39,2,1,0
BRDA:71,3,0,0
BRDA:71,3,1,0
BRDA:100,4,0,0
BRDA:100,4,1,0
BRDA:119,5,0,0
BRDA:119,5,1,0
BRDA:119,6,0,0
BRDA:119,6,1,0
BRDA:127,7,0,0
BRDA:127,7,1,0
BRDA:127,8,0,0
BRDA:127,8,1,0
BRDA:129,9,0,0
BRDA:129,9,1,0
BRDA:141,10,0,0
BRDA:141,10,1,0
BRDA:153,11,0,0
BRDA:153,11,1,0
BRDA:182,12,0,0
BRDA:182,12,1,0
BRDA:192,13,0,0
BRDA:192,13,1,0
BRDA:202,14,0,0
BRDA:202,14,1,0
BRDA:213,15,0,0
BRDA:213,15,1,0
BRDA:254,16,0,0
BRDA:254,16,1,0
BRDA:254,17,0,0
BRDA:254,17,1,0
BRDA:257,18,0,0
BRDA:257,18,1,0
BRDA:290,19,0,0
BRDA:290,19,1,0
BRDA:291,20,0,0
BRDA:291,20,1,0
BRDA:313,21,0,0
BRDA:313,21,1,0
BRDA:318,22,0,0
BRDA:318,22,1,0
BRDA:324,23,0,0
BRDA:324,23,1,0
BRDA:350,24,0,0
BRDA:350,24,1,0
BRDA:366,25,0,0
BRDA:366,25,1,0
BRDA:366,26,0,0
BRDA:366,26,1,0
BRDA:381,27,0,0
BRDA:381,27,1,0
BRDA:400,28,0,0
BRDA:400,28,1,0
BRDA:414,29,0,0
BRDA:414,29,1,0
BRDA:417,30,0,0
BRDA:417,30,1,0
BRDA:417,31,0,0
BRDA:417,31,1,0
BRDA:429,32,0,0
BRDA:429,32,1,0
BRDA:429,33,0,0
BRDA:429,33,1,0
BRDA:436,34,0,0
BRDA:436,34,1,0
BRDA:457,35,0,0
BRDA:457,35,1,0
BRDA:468,36,0,0
BRDA:468,36,1,0
BRDA:492,37,0,0
BRDA:492,37,1,0
BRDA:510,38,0,0
BRDA:510,38,1,0
BRDA:510,39,0,0
BRDA:510,39,1,0
BRDA:517,40,0,0
BRDA:517,40,1,0
BRDA:564,41,0,0
BRDA:564,41,1,0
BRDA:565,42,0,0
BRDA:565,42,1,0
BRF:86
BRH:0
end_of_record
TN:
SF:newsletter\index.js
FNF:0
FNH:0
DA:2,0
DA:4,0
LF:2
LH:0
BRF:0
BRH:0
end_of_record
TN:
SF:newsletter\newsletterController.js
FN:10,(anonymous_0)
FNF:1
FNH:0
FNDA:0,(anonymous_0)
DA:2,0
DA:3,0
DA:10,0
DA:11,0
DA:13,0
DA:16,0
DA:17,0
DA:18,0
DA:24,0
DA:25,0
DA:27,0
DA:28,0
DA:32,0
DA:34,0
DA:35,0
DA:38,0
DA:39,0
DA:46,0
LF:18
LH:0
BRDA:16,0,0,0
BRDA:16,0,1,0
BRDA:16,1,0,0
BRDA:16,1,1,0
BRDA:27,2,0,0
BRDA:27,2,1,0
BRDA:30,3,0,0
BRDA:30,3,1,0
BRF:8
BRH:0
end_of_record
TN:
SF:newsletter\newsletterRoutes.js
FNF:0
FNH:0
DA:2,0
DA:3,0
DA:5,0
DA:17,0
DA:19,0
LF:5
LH:0
BRF:0
BRH:0
end_of_record
TN:
SF:payments\index.js
FNF:0
FNH:0
DA:8,0
DA:9,0
DA:11,0
LF:3
LH:0
BRF:0
BRH:0
end_of_record
TN:
SF:payments\paymentRoutes.js
FN:25,(anonymous_0)
FN:58,(anonymous_1)
FN:130,(anonymous_2)
FN:169,(anonymous_3)
FN:210,(anonymous_4)
FN:254,(anonymous_5)
FN:289,(anonymous_6)
FNF:7
FNH:0
FNDA:0,(anonymous_0)
FNDA:0,(anonymous_1)
FNDA:0,(anonymous_2)
FNDA:0,(anonymous_3)
FNDA:0,(anonymous_4)
FNDA:0,(anonymous_5)
FNDA:0,(anonymous_6)
DA:1,0
DA:2,0
DA:4,0
DA:5,0
DA:15,0
DA:22,0
DA:26,0
DA:28,0
DA:30,0
DA:31,0
DA:33,0
DA:38,0
DA:40,0
DA:44,0
DA:45,0
DA:48,0
DA:58,0
DA:67,0
DA:69,0
DA:76,0
DA:78,0
DA:79,0
DA:84,0
DA:94,0
DA:100,0
DA:111,0
DA:118,0
DA:130,0
DA:131,0
DA:133,0
DA:134,0
DA:136,0
DA:137,0
DA:140,0
DA:141,0
DA:143,0
DA:148,0
DA:154,0
DA:159,0
DA:169,0
DA:170,0
DA:172,0
DA:176,0
DA:177,0
DA:179,0
DA:180,0
DA:187,0
DA:192,0
DA:194,0
DA:199,0
DA:210,0
DA:211,0
DA:213,0
DA:218,0
DA:219,0
DA:220,0
DA:223,0
DA:229,0
DA:234,0
DA:239,0
DA:244,0
DA:254,0
DA:255,0
DA:257,0
DA:261,0
DA:262,0
DA:264,0
DA:270,0
DA:272,0
DA:277,0
DA:287,0
DA:290,0
DA:292,0
DA:296,0
DA:297,0
DA:299,0
DA:305,0
DA:311,0
DA:316,0
DA:324,0
LF:80
LH:0
BRDA:44,0,0,0
BRDA:44,0,1,0
BRDA:64,1,0,0
BRDA:78,2,0,0
BRDA:78,2,1,0
BRDA:78,3,0,0
BRDA:78,3,1,0
BRDA:78,3,2,0
BRDA:78,3,3,0
BRDA:136,4,0,0
BRDA:136,4,1,0
BRDA:179,5,0,0
BRDA:179,5,1,0
BRDA:211,6,0,0
BRDA:219,7,0,0
BRDA:219,7,1,0
BRF:16
BRH:0
end_of_record
TN:
SF:payments\paymentService.js
FN:23,createCheckoutSession
FN:106,processPaymentSuccess
FN:173,processPaymentFailure
FN:212,handleWebhook
FN:277,retrievePaymentIntent
FN:315,createInvoice
FN:387,getReceipt
FN:471,createPaymentAttestation
FNF:8
FNH:0
FNDA:0,createCheckoutSession
FNDA:0,processPaymentSuccess
FNDA:0,processPaymentFailure
FNDA:0,handleWebhook
FNDA:0,retrievePaymentIntent
FNDA:0,createInvoice
FNDA:0,getReceipt
FNDA:0,createPaymentAttestation
DA:1,0
DA:2,0
DA:3,0
DA:4,0
DA:5,0
DA:8,0
DA:9,0
DA:32,0
DA:33,0
DA:41,0
DA:42,0
DA:45,0
DA:46,0
DA:47,0
DA:51,0
DA:60,0
DA:80,0
DA:82,0
DA:89,0
DA:91,0
DA:97,0
DA:107,0
DA:108,0
DA:111,0
DA:115,0
DA:116,0
DA:119,0
DA:121,0
DA:130,0
DA:132,0
DA:133,0
DA:135,0
DA:136,0
DA:139,0
DA:140,0
DA:142,0
DA:145,0
DA:151,0
DA:160,0
DA:164,0
DA:174,0
DA:175,0
DA:177,0
DA:178,0
DA:181,0
DA:191,0
DA:198,0
DA:202,0
DA:213,0
DA:215,0
DA:221,0
DA:226,0
DA:228,0
DA:229,0
DA:235,0
DA:236,0
DA:238,0
DA:241,0
DA:242,0
DA:247,0
DA:250,0
DA:251,0
DA:255,0
DA:258,0
DA:263,0
DA:265,0
DA:268,0
DA:278,0
DA:279,0
DA:283,0
DA:290,0
DA:297,0
DA:299,0
DA:303,0
DA:316,0
DA:317,0
DA:323,0
DA:325,0
DA:326,0
DA:330,0
DA:331,0
DA:332,0
DA:336,0
DA:349,0
DA:361,0
DA:362,0
DA:366,0
DA:372,0
DA:374,0
DA:378,0
DA:388,0
DA:389,0
DA:392,0
DA:393,0
DA:394,0
DA:400,0
DA:413,0
DA:417,0
DA:418,0
DA:421,0
DA:422,0
DA:423,0
DA:424,0
DA:429,0
DA:446,0
DA:449,0
DA:451,0
DA:456,0
DA:458,0
DA:462,0
DA:472,0
DA:473,0
DA:477,0
DA:479,0
DA:480,0
DA:484,0
DA:495,0
DA:496,0
DA:497,0
DA:498,0
DA:499,0
DA:501,0
DA:502,0
DA:506,0
DA:512,0
DA:514,0
DA:518,0
DA:522,0
LF:128
LH:0
BRDA:28,0,0,0
BRDA:46,1,0,0
BRDA:46,1,1,0
BRDA:69,2,0,0
BRDA:69,2,1,0
BRDA:70,3,0,0
BRDA:70,3,1,0
BRDA:115,4,0,0
BRDA:115,4,1,0
BRDA:130,5,0,0
BRDA:130,5,1,0
BRDA:130,5,2,0
BRDA:130,5,3,0
BRDA:226,6,0,0
BRDA:226,6,1,0
BRDA:226,6,2,0
BRDA:226,6,3,0
BRDA:231,7,0,0
BRDA:231,7,1,0
BRDA:235,8,0,0
BRDA:235,8,1,0
BRDA:315,9,0,0
BRDA:325,10,0,0
BRDA:325,10,1,0
BRDA:330,11,0,0
BRDA:330,11,1,0
BRDA:331,12,0,0
BRDA:331,12,1,0
BRDA:421,13,0,0
BRDA:421,13,1,0
BRDA:421,14,0,0
BRDA:421,14,1,0
BRDA:423,15,0,0
BRDA:423,15,1,0
BRDA:479,16,0,0
BRDA:479,16,1,0
BRDA:495,17,0,0
BRDA:495,17,1,0
BRDA:495,18,0,0
BRDA:495,18,1,0
BRDA:497,19,0,0
BRDA:497,19,1,0
BRDA:500,20,0,0
BRDA:500,20,1,0
BRF:44
BRH:0
end_of_record
TN:
SF:prevention\index.js
FNF:0
FNH:0
DA:4,0
DA:8,0
DA:10,0
LF:3
LH:0
BRF:0
BRH:0
end_of_record
TN:
SF:prevention\preventionRoutes.js
FN:13,(anonymous_0)
FN:36,(anonymous_1)
FN:57,(anonymous_2)
FNF:3
FNH:0
FNDA:0,(anonymous_0)
FNDA:0,(anonymous_1)
FNDA:0,(anonymous_2)
DA:1,0
DA:6,0
DA:7,0
DA:8,0
DA:13,0
DA:14,0
DA:15,0
DA:16,0
DA:17,0
DA:18,0
DA:22,0
DA:23,0
DA:24,0
DA:26,0
DA:29,0
DA:36,0
DA:37,0
DA:38,0
DA:39,0
DA:40,0
DA:41,0
DA:43,0
DA:44,0
DA:45,0
DA:47,0
DA:50,0
DA:57,0
DA:58,0
DA:59,0
DA:60,0
DA:62,0
DA:65,0
DA:69,0
LF:33
LH:0
BRDA:17,0,0,0
BRDA:17,0,1,0
BRDA:17,1,0,0
BRDA:17,1,1,0
BRDA:17,1,2,0
BRDA:23,2,0,0
BRDA:23,2,1,0
BRDA:23,3,0,0
BRDA:23,3,1,0
BRDA:40,4,0,0
BRDA:40,4,1,0
BRDA:44,5,0,0
BRDA:44,5,1,0
BRDA:44,6,0,0
BRDA:44,6,1,0
BRF:15
BRH:0
end_of_record
TN:
SF:prevention\preventionService.js
FN:10,processPreventionRequest
FN:56,testPreventionRequest
FN:96,validatePreventionRequest
FN:160,validateTheme
FN:180,enrichRequestData
FN:204,getPreventionStats
FNF:6
FNH:0
FNDA:0,processPreventionRequest
FNDA:0,testPreventionRequest
FNDA:0,validatePreventionRequest
FNDA:0,validateTheme
FNDA:0,enrichRequestData
FNDA:0,getPreventionStats
DA:4,0
DA:5,0
DA:11,0
DA:12,0
DA:13,0
DA:14,0
DA:15,0
DA:18,0
DA:24,0
DA:25,0
DA:30,0
DA:31,0
DA:35,0
DA:37,0
DA:41,0
DA:44,0
DA:49,0
DA:57,0
DA:58,0
DA:59,0
DA:60,0
DA:61,0
DA:67,0
DA:68,0
DA:69,0
DA:72,0
DA:74,0
DA:78,0
DA:81,0
DA:85,0
DA:97,0
DA:99,0
DA:100,0
DA:103,0
DA:109,0
DA:112,0
DA:113,0
DA:116,0
DA:121,0
DA:123,0
DA:128,0
DA:130,0
DA:135,0
DA:137,0
DA:142,0
DA:146,0
DA:161,0
DA:162,0
DA:163,0
DA:165,0
DA:166,0
DA:167,0
DA:170,0
DA:181,0
DA:183,0
DA:184,0
DA:187,0
DA:188,0
DA:190,0
DA:191,0
DA:193,0
DA:194,0
DA:197,0
DA:198,0
DA:205,0
DA:220,0
LF:66
LH:0
BRDA:14,0,0,0
BRDA:14,0,1,0
BRDA:30,1,0,0
BRDA:30,1,1,0
BRDA:60,2,0,0
BRDA:60,2,1,0
BRDA:68,3,0,0
BRDA:68,3,1,0
BRDA:99,4,0,0
BRDA:99,4,1,0
BRDA:99,5,0,0
BRDA:99,5,1,0
BRDA:99,5,2,0
BRDA:103,6,0,0
BRDA:103,6,1,0
BRDA:104,7,0,0
BRDA:104,7,1,0
BRDA:104,7,2,0
BRDA:104,7,3,0
BRDA:112,8,0,0
BRDA:112,8,1,0
BRDA:112,9,0,0
BRDA:112,9,1,0
BRDA:116,10,0,0
BRDA:116,10,1,0
BRDA:117,11,0,0
BRDA:117,11,1,0
BRDA:117,11,2,0
BRDA:123,12,0,0
BRDA:123,12,1,0
BRDA:124,13,0,0
BRDA:124,13,1,0
BRDA:124,13,2,0
BRDA:130,14,0,0
BRDA:130,14,1,0
BRDA:131,15,0,0
BRDA:131,15,1,0
BRDA:131,15,2,0
BRDA:137,16,0,0
BRDA:137,16,1,0
BRDA:138,17,0,0
BRDA:138,17,1,0
BRDA:138,17,2,0
BRDA:162,18,0,0
BRDA:162,18,1,0
BRDA:162,19,0,0
BRDA:162,19,1,0
BRDA:166,20,0,0
BRDA:166,20,1,0
BRDA:166,21,0,0
BRDA:166,21,1,0
BRDA:183,22,0,0
BRDA:183,22,1,0
BRDA:183,23,0,0
BRDA:183,23,1,0
BRDA:187,24,0,0
BRDA:187,24,1,0
BRDA:190,25,0,0
BRDA:190,25,1,0
BRDA:193,26,0,0
BRDA:193,26,1,0
BRDA:197,27,0,0
BRDA:197,27,1,0
BRF:63
BRH:0
end_of_record
TN:
SF:shared\logger.js
FN:7,logWithTimestamp
FNF:1
FNH:0
FNDA:0,logWithTimestamp
DA:8,0
DA:9,0
DA:11,0
DA:12,0
DA:14,0
DA:18,0
LF:6
LH:0
BRDA:7,0,0,0
BRDA:11,1,0,0
BRDA:11,1,1,0
BRDA:12,2,0,0
BRDA:12,2,1,0
BRDA:14,3,0,0
BRDA:14,3,1,0
BRF:7
BRH:0
end_of_record
TN:
SF:shared\middleware.js
FN:7,corsMiddleware
FN:33,errorHandler
FN:54,notFoundHandler
FNF:3
FNH:0
FNDA:0,corsMiddleware
FNDA:0,errorHandler
FNDA:0,notFoundHandler
DA:1,0
DA:2,0
DA:8,0
DA:10,0
DA:11,0
DA:14,0
DA:18,0
DA:23,0
DA:24,0
DA:27,0
DA:34,0
DA:41,0
DA:55,0
DA:60,0
DA:67,0
LF:15
LH:0
BRDA:10,0,0,0
BRDA:10,0,1,0
BRDA:23,1,0,0
BRDA:23,1,1,0
BRDA:45,2,0,0
BRDA:45,2,1,0
BRF:6
BRH:0
end_of_record
TN:
SF:shared\pricing.js
FN:9,getPriceFromPriceId
FN:18,getTrainingDetails
FN:28,calculateDiscountedPrice
FNF:3
FNH:0
FNDA:0,getPriceFromPriceId
FNDA:0,getTrainingDetails
FNDA:0,calculateDiscountedPrice
DA:1,0
DA:2,0
DA:10,0
DA:19,0
DA:29,0
DA:31,0
DA:32,0
DA:33,0
DA:35,0
DA:42,0
DA:45,0
LF:11
LH:0
BRDA:10,0,0,0
BRDA:10,0,1,0
BRDA:19,1,0,0
BRDA:19,1,1,0
BRDA:29,2,0,0
BRDA:29,2,1,0
BRDA:32,3,0,0
BRDA:32,3,1,0
BRF:8
BRH:0
end_of_record
TN:
SF:shared\userUtils.js
FN:9,getMailByUser
FNF:1
FNH:0
FNDA:0,getMailByUser
DA:1,0
DA:2,0
DA:10,0
DA:11,0
DA:13,0
DA:19,0
DA:20,0
DA:24,0
DA:27,0
DA:32,0
DA:34,0
DA:38,0
DA:42,0
LF:13
LH:0
BRDA:19,0,0,0
BRDA:19,0,1,0
BRF:2
BRH:0
end_of_record
TN:
SF:trainings\index.js
FNF:0
FNH:0
DA:11,0
DA:14,0
DA:16,0
LF:3
LH:0
BRF:0
BRH:0
end_of_record
TN:
SF:trainings\trainingRoutes.js
FN:24,(anonymous_0)
FN:148,(anonymous_1)
FN:173,(anonymous_2)
FN:217,(anonymous_3)
FNF:4
FNH:0
FNDA:0,(anonymous_0)
FNDA:0,(anonymous_1)
FNDA:0,(anonymous_2)
FNDA:0,(anonymous_3)
DA:1,0
DA:2,0
DA:3,0
DA:4,0
DA:5,0
DA:9,0
DA:10,0
DA:15,0
DA:17,0
DA:24,0
DA:25,0
DA:27,0
DA:28,0
DA:31,0
DA:32,0
DA:33,0
DA:34,0
DA:36,0
DA:37,0
DA:38,0
DA:40,0
DA:41,0
DA:44,0
DA:45,0
DA:50,0
DA:51,0
DA:59,0
DA:61,0
DA:111,0
DA:112,0
DA:115,0
DA:117,0
DA:127,0
DA:139,0
DA:140,0
DA:148,0
DA:149,0
DA:151,0
DA:156,0
DA:157,0
DA:158,0
DA:160,0
DA:165,0
DA:173,0
DA:174,0
DA:176,0
DA:177,0
DA:179,0
DA:180,0
DA:183,0
DA:184,0
DA:186,0
DA:192,0
DA:193,0
DA:194,0
DA:199,0
DA:201,0
DA:202,0
DA:205,0
DA:209,0
DA:217,0
DA:218,0
DA:220,0
DA:225,0
DA:226,0
DA:233,0
DA:235,0
DA:236,0
DA:239,0
DA:244,0
DA:248,0
LF:71
LH:0
BRDA:31,0,0,0
BRDA:31,0,1,0
BRDA:32,1,0,0
BRDA:32,1,1,0
BRDA:33,2,0,0
BRDA:33,2,1,0
BRDA:40,3,0,0
BRDA:40,3,1,0
BRDA:52,4,0,0
BRDA:52,4,1,0
BRDA:55,5,0,0
BRDA:55,5,1,0
BRDA:88,6,0,0
BRDA:88,6,1,0
BRDA:111,7,0,0
BRDA:111,7,1,0
BRDA:119,8,0,0
BRDA:119,8,1,0
BRDA:122,9,0,0
BRDA:122,9,1,0
BRDA:122,10,0,0
BRDA:122,10,1,0
BRDA:132,11,0,0
BRDA:132,11,1,0
BRDA:134,12,0,0
BRDA:134,12,1,0
BRDA:134,13,0,0
BRDA:134,13,1,0
BRDA:179,14,0,0
BRDA:179,14,1,0
BRDA:192,15,0,0
BRDA:192,15,1,0
BRDA:235,16,0,0
BRDA:235,16,1,0
BRF:34
BRH:0
end_of_record
TN:
SF:trainings\trainingService.js
FN:12,createTrainingPurchase
FN:144,checkTrainingPurchase
FN:192,getTrainingDetailsForUser
FNF:3
FNH:0
FNDA:0,createTrainingPurchase
FNDA:0,checkTrainingPurchase
FNDA:0,getTrainingDetailsForUser
DA:1,0
DA:2,0
DA:3,0
DA:4,0
DA:20,0
DA:22,0
DA:23,0
DA:33,0
DA:35,0
DA:43,0
DA:44,0
DA:49,0
DA:52,0
DA:53,0
DA:57,0
DA:61,0
DA:62,0
DA:63,0
DA:66,0
DA:69,0
DA:85,0
DA:91,0
DA:97,0
DA:98,0
DA:104,0
DA:107,0
DA:115,0
DA:121,0
DA:125,0
DA:127,0
DA:134,0
DA:145,0
DA:146,0
DA:151,0
DA:158,0
DA:159,0
DA:160,0
DA:163,0
DA:164,0
DA:170,0
DA:175,0
DA:180,0
DA:198,0
DA:199,0
DA:208,0
DA:209,0
DA:210,0
DA:213,0
DA:214,0
DA:216,0
DA:223,0
DA:232,0
DA:234,0
DA:239,0
DA:243,0
LF:55
LH:0
BRDA:43,0,0,0
BRDA:43,0,1,0
BRDA:43,1,0,0
BRDA:43,1,1,0
BRDA:52,2,0,0
BRDA:52,2,1,0
BRDA:62,3,0,0
BRDA:62,3,1,0
BRDA:76,4,0,0
BRDA:76,4,1,0
BRDA:97,5,0,0
BRDA:97,5,1,0
BRDA:158,6,0,0
BRDA:158,6,1,0
BRDA:158,7,0,0
BRDA:158,7,1,0
BRDA:172,8,0,0
BRDA:172,8,1,0
BRDA:209,9,0,0
BRDA:209,9,1,0
BRDA:219,10,0,0
BRDA:219,10,1,0
BRF:22
BRH:0
end_of_record
